Log file open, 01/06/19 17:52:34
LogWindows: Failed to load 'aqProf.dll' (GetLastError=126)
LogWindows: File 'aqProf.dll' does not exist
LogWindows: Failed to load 'VSPerf140.dll' (GetLastError=126)
LogWindows: File 'VSPerf140.dll' does not exist
LogWindows: Failed to load 'VtuneApi.dll' (GetLastError=126)
LogWindows: File 'VtuneApi.dll' does not exist
LogWindows: Failed to load 'VtuneApi32e.dll' (GetLastError=126)
LogWindows: File 'VtuneApi32e.dll' does not exist
LogInit: Display: Running engine for game: Platformer01
LogPlatformFile: Not using cached read wrapper
LogTaskGraph: Started task graph with 5 named threads and 23 total threads with 3 sets of task threads.
LogStats: Stats thread started at 0.311215
LogD3D11RHI: Loaded GFSDK_Aftermath_Lib.x64.dll
LogICUInternationalization: Display: ICU TimeZone Detection - Raw Offset: -7:00, Platform Override: ''
LogPluginManager: Mounting plugin Paper2D
LogPluginManager: Mounting plugin AISupport
LogPluginManager: Mounting plugin LightPropagationVolume
LogPluginManager: Mounting plugin CLionSourceCodeAccess
LogPluginManager: Mounting plugin CodeLiteSourceCodeAccess
LogPluginManager: Mounting plugin GitSourceControl
LogPluginManager: Mounting plugin KDevelopSourceCodeAccess
LogPluginManager: Mounting plugin NullSourceCodeAccess
LogPluginManager: Mounting plugin PerforceSourceControl
LogPluginManager: Mounting plugin SubversionSourceControl
LogPluginManager: Mounting plugin UObjectPlugin
LogPluginManager: Mounting plugin VisualStudioCodeSourceCodeAccess
LogPluginManager: Mounting plugin VisualStudioSourceCodeAccess
LogPluginManager: Mounting plugin XCodeSourceCodeAccess
LogPluginManager: Mounting plugin AssetManagerEditor
LogPluginManager: Mounting plugin CryptoKeys
LogPluginManager: Mounting plugin DataValidation
LogPluginManager: Mounting plugin FacialAnimation
LogPluginManager: Mounting plugin GameplayTagsEditor
LogPluginManager: Mounting plugin MacGraphicsSwitching
LogPluginManager: Mounting plugin MeshEditor
LogPluginManager: Mounting plugin MobileLauncherProfileWizard
LogPluginManager: Mounting plugin PluginBrowser
LogPluginManager: Mounting plugin SpeedTreeImporter
LogPluginManager: Mounting plugin DatasmithContent
LogPluginManager: Mounting plugin AlembicImporter
LogPluginManager: Mounting plugin AppleImageUtils
LogPluginManager: Mounting plugin AppleVision
LogPluginManager: Mounting plugin BackChannel
LogPluginManager: Mounting plugin CharacterAI
LogPluginManager: Mounting plugin GeometryCache
LogPluginManager: Mounting plugin HTML5Networking
LogPluginManager: Mounting plugin ProxyLODPlugin
LogPluginManager: Mounting plugin MagicLeap
LogPluginManager: Mounting plugin MagicLeapEmulator
LogPluginManager: Mounting plugin MagicLeapMedia
LogPluginManager: Mounting plugin AndroidMedia
LogPluginManager: Mounting plugin AvfMedia
LogPluginManager: Mounting plugin ImgMedia
LogPluginManager: Mounting plugin LinearTimecode
LogPluginManager: Mounting plugin MediaCompositing
LogPluginManager: Mounting plugin MediaPlayerEditor
LogPluginManager: Mounting plugin WmfMedia
LogPluginManager: Mounting plugin TcpMessaging
LogPluginManager: Mounting plugin UdpMessaging
LogPluginManager: Mounting plugin ActorSequence
LogPluginManager: Mounting plugin LevelSequenceEditor
LogPluginManager: Mounting plugin MatineeToLevelSequence
LogPluginManager: Mounting plugin NetcodeUnitTest
LogPluginManager: Mounting plugin NUTUnrealEngine4
LogPluginManager: Mounting plugin OnlineSubsystemGooglePlay
LogPluginManager: Mounting plugin OnlineSubsystemIOS
LogPluginManager: Mounting plugin OnlineSubsystem
LogPluginManager: Mounting plugin OnlineSubsystemNull
LogPluginManager: Mounting plugin OnlineSubsystemUtils
LogPluginManager: Mounting plugin LauncherChunkInstaller
LogPluginManager: Mounting plugin AndroidDeviceProfileSelector
LogPluginManager: Mounting plugin AndroidMoviePlayer
LogPluginManager: Mounting plugin AndroidPermission
LogPluginManager: Mounting plugin AppleMoviePlayer
LogPluginManager: Mounting plugin ArchVisCharacter
LogPluginManager: Mounting plugin AudioCapture
LogPluginManager: Mounting plugin CableComponent
LogPluginManager: Mounting plugin CustomMeshComponent
LogPluginManager: Mounting plugin EditableMesh
LogPluginManager: Mounting plugin ExampleDeviceProfileSelector
LogPluginManager: Mounting plugin GoogleCloudMessaging
LogPluginManager: Mounting plugin ImmediatePhysics
LogPluginManager: Mounting plugin IOSDeviceProfileSelector
LogPluginManager: Mounting plugin LinuxDeviceProfileSelector
LogPluginManager: Mounting plugin LocationServicesBPLibrary
LogPluginManager: Mounting plugin MobilePatchingUtils
LogPluginManager: Mounting plugin OculusVR
LogPluginManager: Plugin shader directory ../../../Engine/Plugins/Runtime/Oculus/OculusVR/Shaders found
LogPluginManager: Mapping shader source directory ../../../Engine/Plugins/Runtime/Oculus/OculusVR/Shaders to virtual directory /Plugin/OculusVR
LogPluginManager: Mounting plugin PhysXVehicles
LogPluginManager: Mounting plugin ProceduralMeshComponent
LogPluginManager: Mounting plugin RuntimePhysXCooking
LogPluginManager: Mounting plugin SteamVR
LogPluginManager: Mounting plugin WindowsMoviePlayer
LogStreaming: Display: Took  0.075s to configure plugins.
LogInit: Warning: Incompatible or missing module: Platformer01
Running F:/Unreal/UE_4.20/Engine/Binaries/DotNET/UnrealBuildTool.exe Development Win64 -Project="F:/Unreal Projects/Platformer01_01/Platformer01.uproject" -TargetType=Editor -Progress -NoHotReloadFromIDE
Performing full C++ include scan (building a new target)
Using 'git status' to determine working set for adaptive non-unity build.
Creating makefile for Platformer01Editor (no existing makefile)
Using Visual Studio 2017 14.13.26128 toolchain (F:\Visual Studio\VC\Tools\MSVC\14.13.26128) and Windows 10.0.16299.0 SDK (C:\Program Files (x86)\Windows Kits\10).
@progress push 5%
Parsing headers for Platformer01Editor
  Running UnrealHeaderTool "F:\Unreal Projects\Platformer01_01\Platformer01.uproject" "F:\Unreal Projects\Platformer01_01\Intermediate\Build\Win64\Platformer01Editor\Development\Platformer01Editor.uhtmanifest" -LogCmds="loginit warning, logexit warning, logdatabase error" -Unattended -WarningsAsErrors -installed
Reflection code generated for Platformer01Editor in 15.6070836 seconds
@progress pop
Building 6 actions with 8 processes...
  @progress 'Compiling C++ source code...' 0%
  @progress 'Compiling C++ source code...' 17%
  [1/6] PCLaunch.rc
  @progress 'Compiling C++ source code...' 33%
  [2/6] SharedPCH.Engine.cpp
  @progress 'Compiling C++ source code...' 50%
  [3/6] TestClass.cpp
  @progress 'Compiling C++ source code...' 67%
  [4/6] Platformer01.cpp
  @progress 'Compiling C++ source code...' 83%
  [5/6] UE4Editor-Platformer01.lib
    ????????? F:\Unreal Projects\Platformer01_01\Intermediate\Build\Win64\UE4Editor\Development\Platformer01\UE4Editor-Platformer01.lib ????? F:\Unreal Projects\Platformer01_01\Intermediate\Build\Win64\UE4Editor\Development\Platformer01\UE4Editor-Platformer01.exp
  @progress 'Compiling C++ source code...' 100%
  [6/6] UE4Editor-Platformer01.dll
    ????????? F:\Unreal Projects\Platformer01_01\Intermediate\Build\Win64\UE4Editor\Development\Platformer01\UE4Editor-Platformer01.suppressed.lib ????? F:\Unreal Projects\Platformer01_01\Intermediate\Build\Win64\UE4Editor\Development\Platformer01\UE4Editor-Platformer01.suppressed.exp
Total build time: 62.42 seconds (Parallel executor: 40.58 seconds)
LogInit: Using libcurl 7.55.1-DEV
LogInit:  - built for x86_64-pc-win32
LogInit:  - supports SSL with OpenSSL/1.0.2h
LogInit:  - supports HTTP deflate (compression) using libz 1.2.8
LogInit:  - other features:
LogInit:      CURL_VERSION_SSL
LogInit:      CURL_VERSION_LIBZ
LogInit:      CURL_VERSION_IPV6
LogInit:      CURL_VERSION_ASYNCHDNS
LogInit:      CURL_VERSION_LARGEFILE
LogInit:      CURL_VERSION_IDN
LogInit:  CurlRequestOptions (configurable via config and command line):
LogInit:  - bVerifyPeer = false  - Libcurl will NOT verify peer certificate
LogInit:  - bUseHttpProxy = false  - Libcurl will NOT use HTTP proxy
LogInit:  - bDontReuseConnections = false  - Libcurl will reuse connections
LogInit:  - CertBundlePath = nullptr  - Libcurl will use whatever was configured at build time.
LogInit:  - MaxHostConnections = 16  - Libcurl will limit the number of connections to a host
LogInit:  - LocalHostAddr = Default
LogInit:  - BufferSize = 65536
LogInit: WinSock: version 1.1 (2.2), MaxSocks=32767, MaxUdp=65467
LogInit: Build: ++UE4+Release-4.20-CL-4369336
LogInit: Engine Version: 4.20.3-4369336+++UE4+Release-4.20
LogInit: Compatible Engine Version: 4.20.0-4212847+++UE4+Release-4.20
LogInit: Net CL: 4212847
LogInit: OS: Windows 10 (), CPU: Intel(R) Core(TM) i7-7700HQ CPU @ 2.80GHz, GPU: Intel(R) HD Graphics 630
LogInit: Compiled (64-bit): Sep 17 2018 12:26:19
LogInit: Compiled with Visual C++: 19.13.26129.00
LogInit: Build Configuration: Development
LogInit: Branch Name: ++UE4+Release-4.20
LogInit: Command Line:  
LogInit: Base Directory: F:/Unreal/UE_4.20/Engine/Binaries/Win64/
LogInit: Installed Engine Build: 1
LogDevObjectVersion: Number of dev versions registered: 20
LogDevObjectVersion:   Dev-Blueprints (B0D832E4-1F89-4F0D-ACCF-7EB736FD4AA2): 10
LogDevObjectVersion:   Dev-Build (E1C64328-A22C-4D53-A36C-8E866417BD8C): 0
LogDevObjectVersion:   Dev-Core (375EC13C-06E4-48FB-B500-84F0262A717E): 2
LogDevObjectVersion:   Dev-Editor (E4B068ED-F494-42E9-A231-DA0B2E46BB41): 24
LogDevObjectVersion:   Dev-Framework (CFFC743F-43B0-4480-9391-14DF171D2073): 34
LogDevObjectVersion:   Dev-Mobile (B02B49B5-BB20-44E9-A304-32B752E40360): 2
LogDevObjectVersion:   Dev-Networking (A4E4105C-59A1-49B5-A7C5-40C4547EDFEE): 0
LogDevObjectVersion:   Dev-Online (39C831C9-5AE6-47DC-9A44-9C173E1C8E7C): 0
LogDevObjectVersion:   Dev-Physics (78F01B33-EBEA-4F98-B9B4-84EACCB95AA2): 0
LogDevObjectVersion:   Dev-Platform (6631380F-2D4D-43E0-8009-CF276956A95A): 0
LogDevObjectVersion:   Dev-Rendering (12F88B9F-8875-4AFC-A67C-D90C383ABD29): 26
LogDevObjectVersion:   Dev-Sequencer (7B5AE74C-D270-4C10-A958-57980B212A5A): 9
LogDevObjectVersion:   Dev-VR (D7296918-1DD6-4BDD-9DE2-64A83CC13884): 2
LogDevObjectVersion:   Dev-LoadTimes (C2A15278-BFE7-4AFE-6C17-90FF531DF755): 1
LogDevObjectVersion:   Private-Geometry (6EACA3D4-40EC-4CC1-B786-8BED09428FC5): 3
LogDevObjectVersion:   Dev-AnimPhys (29E575DD-E0A3-4627-9D10-D276232CDCEA): 17
LogDevObjectVersion:   Dev-ReflectionCapture (6B266CEC-1EC7-4B8F-A30B-E4D90942FC07): 1
LogDevObjectVersion:   Dev-Automation (0DF73D61-A23F-47EA-B727-89E90C41499A): 1
LogDevObjectVersion:   FortniteMain (601D1886-AC64-4F84-AA16-D3DE0DEAC7D6): 12
LogDevObjectVersion:   Dev-Enterprise (9DFFBCD6-494F-0158-E221-12823C92A888): 1
LogStreaming: Display: Took  0.000s to delete old logs.
LogInit: Presizing for max 8388607 objects, including 0 objects not considered by GC, pre-allocating 0 bytes for permanent pool.
LogInit: Object subsystem initialized
[2019.01.07-00.53.40:618][  0]LogInit: Selected Device Profile: [Windows]
[2019.01.07-00.53.40:618][  0]LogInit: Applying CVar settings loaded from the selected device profile: [Windows]
[2019.01.07-00.53.40:637][  0]LogHAL: Display: Platform has ~ 16 GB [17059516416 / 17179869184 / 16], which maps to Larger [LargestMinGB=32, LargerMinGB=12, DefaultMinGB=8, SmallerMinGB=6, SmallestMinGB=0)
[2019.01.07-00.53.40:637][  0]LogInit: Setting Device Profile CVar: [[r.Vulkan.UseRealUBs:1]]
[2019.01.07-00.53.40:637][  0]LogInit: Going up to parent DeviceProfile []
[2019.01.07-00.53.40:637][  0]LogInit: Computer: SHUANG
[2019.01.07-00.53.40:637][  0]LogInit: User: Shuang
[2019.01.07-00.53.40:637][  0]LogInit: CPU Page size=4096, Cores=4
[2019.01.07-00.53.40:637][  0]LogInit: High frequency timer resolution =2.742189 MHz
[2019.01.07-00.53.40:637][  0]LogMemory: Memory total: Physical=15.9GB (16GB approx)
[2019.01.07-00.53.40:638][  0]LogMemory: Platform Memory Stats for Windows
[2019.01.07-00.53.40:638][  0]LogMemory: Process Physical Memory: 104.61 MB used, 104.61 MB peak
[2019.01.07-00.53.40:638][  0]LogMemory: Process Virtual Memory: 90.00 MB used, 90.00 MB peak
[2019.01.07-00.53.40:638][  0]LogMemory: Physical Memory: 5664.52 MB used,  10604.70 MB free, 16269.22 MB total
[2019.01.07-00.53.40:638][  0]LogMemory: Virtual Memory: 4684.43 MB used,  10604.70 MB free, 134217728.00 MB total
[2019.01.07-00.53.40:665][  0]LogInit: Overriding language with editor language configuration option (en).
[2019.01.07-00.53.40:665][  0]LogInit: Overriding locale with editor locale configuration option (en).
[2019.01.07-00.53.41:211][  0]LogStreaming: Display: Took  0.545s to InitEngineTextLocalization.
[2019.01.07-00.53.41:211][  0]LogInit: Setting process to per monitor DPI aware
[2019.01.07-00.53.41:287][  0]LogSlate: New Slate User Created.  User Index 0, Is Virtual User: 0
[2019.01.07-00.53.41:288][  0]LogSlate: Slate User Registered.  User Index 0, Is Virtual User: 0
[2019.01.07-00.53.41:600][  0]LogHMD: Failed to initialize OpenVR with code 110
[2019.01.07-00.53.41:600][  0]LogD3D11RHI: D3D11 adapters:
[2019.01.07-00.53.41:709][  0]LogD3D11RHI:    0. 'NVIDIA GeForce GTX 1050 Ti' (Feature Level 11_0)
[2019.01.07-00.53.41:709][  0]LogD3D11RHI:       4018/0/8134 MB DedicatedVideo/DedicatedSystem/SharedSystem, Outputs:2, VendorId:0x10de
[2019.01.07-00.53.41:730][  0]LogD3D11RHI:    1. 'Intel(R) HD Graphics 630' (Feature Level 11_0)
[2019.01.07-00.53.41:730][  0]LogD3D11RHI:       128/0/8134 MB DedicatedVideo/DedicatedSystem/SharedSystem, Outputs:0, VendorId:0x8086
[2019.01.07-00.53.41:734][  0]LogD3D11RHI:    2. 'Microsoft Basic Render Driver' (Feature Level 11_0)
[2019.01.07-00.53.41:734][  0]LogD3D11RHI:       0/0/8134 MB DedicatedVideo/DedicatedSystem/SharedSystem, Outputs:0, VendorId:0x1414
[2019.01.07-00.53.41:734][  0]LogD3D11RHI: Chosen D3D11 Adapter: 0
[2019.01.07-00.53.41:769][  0]LogD3D11RHI: Creating new Direct3DDevice
[2019.01.07-00.53.41:769][  0]LogD3D11RHI:     GPU DeviceId: 0x1c8c (for the marketing name, search the web for "GPU Device Id")
[2019.01.07-00.53.41:769][  0]LogWindows: EnumDisplayDevices:
[2019.01.07-00.53.41:769][  0]LogWindows:    0. 'Intel(R) HD Graphics 630' (P:1 D:1)
[2019.01.07-00.53.41:770][  0]LogWindows:    1. 'Intel(R) HD Graphics 630' (P:0 D:0)
[2019.01.07-00.53.41:771][  0]LogWindows:    2. 'Intel(R) HD Graphics 630' (P:0 D:0)
[2019.01.07-00.53.41:771][  0]LogWindows:    3. 'NVIDIA GeForce GTX 1050 Ti' (P:0 D:1)
[2019.01.07-00.53.41:772][  0]LogWindows: DebugString: PrimaryIsNotTheChoosenAdapter PrimaryIsNotTheChoosenAdapter PrimaryIsNotTheChoosenAdapter 
[2019.01.07-00.53.41:772][  0]LogD3D11RHI:     Adapter Name: NVIDIA GeForce GTX 1050 Ti
[2019.01.07-00.53.41:772][  0]LogD3D11RHI:   Driver Version: 417.22 (internal:25.21.14.1722, unified:417.22)
[2019.01.07-00.53.41:772][  0]LogD3D11RHI:      Driver Date: 11-29-2018
[2019.01.07-00.53.41:772][  0]LogRHI: Texture pool is 2812 MB (70% of 4018 MB)
[2019.01.07-00.53.41:845][  0]LogD3D11RHI: Async texture creation enabled
[2019.01.07-00.53.41:865][  0]LogD3D11RHI: GPU Timing Frequency: 1000.000000 (Debug: 2 2)
[2019.01.07-00.53.41:916][  0]LogShaderCompilers: Guid format shader working directory is 0 characters bigger than the processId version (../../../../../Unreal Projects/Platformer01_01/Intermediate/Shaders/WorkingDirectory/1252/).
[2019.01.07-00.53.41:916][  0]LogShaderCompilers: Cleaned the shader compiler working directory 'C:/Users/wush0/AppData/Local/Temp/UnrealShaderWorkingDir/24FB3A404195AE7AB6E26C965D73653A/'.
[2019.01.07-00.53.42:345][  0]LogTemp: Display: Loaded TP AllDesktopTargetPlatform
[2019.01.07-00.53.42:365][  0]LogTemp: Display: Loaded TP MacClientTargetPlatform
[2019.01.07-00.53.42:385][  0]LogTemp: Display: Loaded TP MacNoEditorTargetPlatform
[2019.01.07-00.53.42:403][  0]LogTemp: Display: Loaded TP MacServerTargetPlatform
[2019.01.07-00.53.42:422][  0]LogTemp: Display: Loaded TP MacTargetPlatform
[2019.01.07-00.53.42:441][  0]LogTemp: Display: Loaded TP WindowsClientTargetPlatform
[2019.01.07-00.53.42:469][  0]LogTemp: Display: Loaded TP WindowsNoEditorTargetPlatform
[2019.01.07-00.53.42:490][  0]LogTemp: Display: Loaded TP WindowsServerTargetPlatform
[2019.01.07-00.53.42:498][  0]LogTemp: Display: Loaded TP WindowsTargetPlatform
[2019.01.07-00.53.42:624][  0]LogTemp: Display: Loaded TP AndroidTargetPlatform
[2019.01.07-00.53.42:624][  0]LogTemp: Display: Loaded TP AndroidTargetPlatform
[2019.01.07-00.53.42:624][  0]LogTemp: Display: Loaded TP AndroidTargetPlatform
[2019.01.07-00.53.42:624][  0]LogTemp: Display: Loaded TP AndroidTargetPlatform
[2019.01.07-00.53.42:624][  0]LogTemp: Display: Loaded TP AndroidTargetPlatform
[2019.01.07-00.53.42:624][  0]LogTemp: Display: Loaded TP AndroidTargetPlatform
[2019.01.07-00.53.42:624][  0]LogTemp: Display: Loaded TP AndroidTargetPlatform
[2019.01.07-00.53.42:624][  0]LogTemp: Display: Loaded TP AndroidTargetPlatform
[2019.01.07-00.53.42:624][  0]LogTemp: Display: Loaded TP AndroidTargetPlatform
[2019.01.07-00.53.42:624][  0]LogTemp: Display: Loaded TP AndroidTargetPlatform
[2019.01.07-00.53.42:624][  0]LogTemp: Display: Loaded TP AndroidTargetPlatform
[2019.01.07-00.53.42:624][  0]LogTemp: Display: Loaded TP AndroidTargetPlatform
[2019.01.07-00.53.42:624][  0]LogTemp: Display: Loaded TP AndroidTargetPlatform
[2019.01.07-00.53.42:624][  0]LogTemp: Display: Loaded TP AndroidTargetPlatform
[2019.01.07-00.53.42:625][  0]LogTemp: Display: Loaded TP AndroidTargetPlatform
[2019.01.07-00.53.42:625][  0]LogTemp: Display: Loaded TP AndroidTargetPlatform
[2019.01.07-00.53.42:625][  0]LogTemp: Display: Loaded TP AndroidTargetPlatform
[2019.01.07-00.53.42:625][  0]LogTemp: Display: Loaded TP AndroidTargetPlatform
[2019.01.07-00.53.42:626][  0]LogTemp: Display: Loaded TP HTML5TargetPlatform
[2019.01.07-00.53.42:705][  0]LogTemp: Display: Loaded TP IOSTargetPlatform
[2019.01.07-00.53.42:705][  0]LogTemp: Display: Loaded TP IOSTargetPlatform
[2019.01.07-00.53.42:742][  0]LogTemp: Display: Loaded TP TVOSTargetPlatform
[2019.01.07-00.53.42:742][  0]LogTemp: Display: Loaded TP TVOSTargetPlatform
[2019.01.07-00.53.42:760][  0]LogTemp: Display: Loaded TP LinuxClientTargetPlatform
[2019.01.07-00.53.42:777][  0]LogTemp: Display: Loaded TP LinuxNoEditorTargetPlatform
[2019.01.07-00.53.42:797][  0]LogTemp: Display: Loaded TP LinuxServerTargetPlatform
[2019.01.07-00.53.42:817][  0]LogTemp: Display: Loaded TP LinuxTargetPlatform
[2019.01.07-00.53.42:830][  0]LogTemp: Display: Loaded TP LuminTargetPlatform
[2019.01.07-00.53.42:830][  0]LogTargetPlatformManager: Display: Building Assets For Windows
[2019.01.07-00.53.42:899][  0]LogXGEController: Cleaning working directory: C:/Users/wush0/AppData/Local/Temp/UnrealXGEWorkingDir/
[2019.01.07-00.53.42:899][  0]LogXGEController: Cannot use XGE Controller as Incredibuild is not installed on this machine.
[2019.01.07-00.53.42:899][  0]LogShaderCompilers: Cannot use XGE Shader Compiler as Incredibuild is not installed on this machine.
[2019.01.07-00.53.42:899][  0]LogShaderCompilers: Display: Using Local Shader Compiler.
[2019.01.07-00.53.43:855][  0]LogDerivedDataCache: Display: Max Cache Size: 512 MB
[2019.01.07-00.53.43:923][  0]LogDerivedDataCache: Loaded boot cache 0.07s 71MB C:/Users/wush0/AppData/Local/UnrealEngine/4.20/DerivedDataCache/Boot.ddc.
[2019.01.07-00.53.43:924][  0]LogDerivedDataCache: Display: Loaded Boot cache: C:/Users/wush0/AppData/Local/UnrealEngine/4.20/DerivedDataCache/Boot.ddc
[2019.01.07-00.53.43:924][  0]LogDerivedDataCache: FDerivedDataBackendGraph:  Pak pak cache file ../../../../../Unreal Projects/Platformer01_01/DerivedDataCache/DDC.ddp not found, will not use a pak cache.
[2019.01.07-00.53.43:924][  0]LogDerivedDataCache: Unable to find inner node Pak for hierarchical cache Hierarchy.
[2019.01.07-00.53.43:924][  0]LogDerivedDataCache: FDerivedDataBackendGraph:  CompressedPak pak cache file ../../../../../Unreal Projects/Platformer01_01/DerivedDataCache/Compressed.ddp not found, will not use a pak cache.
[2019.01.07-00.53.43:924][  0]LogDerivedDataCache: Unable to find inner node CompressedPak for hierarchical cache Hierarchy.
[2019.01.07-00.53.43:943][  0]LogDerivedDataCache: Display: Pak cache opened for reading ../../../Engine/DerivedDataCache/Compressed.ddp.
[2019.01.07-00.53.43:956][  0]LogDerivedDataCache: Using Local data cache path C:/Users/wush0/AppData/Local/UnrealEngine/Common/DerivedDataCache: Writable
[2019.01.07-00.53.43:956][  0]LogDerivedDataCache: Shared data cache path not found in *engine.ini, will not use an Shared cache.
[2019.01.07-00.53.43:956][  0]LogDerivedDataCache: Unable to find inner node Shared for hierarchical cache Hierarchy.
[2019.01.07-00.53.43:981][  0]LogMaterial: Verifying Global Shaders for PCD3D_SM5
[2019.01.07-00.53.43:983][  0]LogSlate: Using FreeType 2.6.0
[2019.01.07-00.53.43:984][  0]LogSlate: SlateFontServices - WITH_FREETYPE: 1, WITH_HARFBUZZ: 1
[2019.01.07-00.53.44:082][  0]LogAssetRegistry: FAssetRegistry took 0.0275 seconds to start up
[2019.01.07-00.53.44:614][  0]LogInit: Selected Device Profile: [Windows]
[2019.01.07-00.53.44:859][  0]LogSimplygon: Simplygon DLL not present - disabling.
[2019.01.07-00.53.44:864][  0]LogMeshReduction: Using SimplygonSwarm for distributed automatic mesh merging
[2019.01.07-00.53.44:864][  0]LogMeshReduction: Using ProxyLODMeshReduction for automatic mesh merging
[2019.01.07-00.53.44:864][  0]LogMeshReduction: Using QuadricMeshReduction for automatic static mesh reduction
[2019.01.07-00.53.44:864][  0]LogMeshReduction: No automatic skeletal mesh reduction module available
[2019.01.07-00.53.44:897][  0]LogNetVersion: Platformer01 1.0.0, NetCL: 4212847, EngineNetVer: 5, GameNetVer: 0 (Checksum: 1968808252)
[2019.01.07-00.53.45:674][  0]LogPackageLocalizationCache: Processed 11 localized package path(s) for 1 prioritized culture(s) in 0.055435 seconds
[2019.01.07-00.53.45:683][  0]LogUObjectArray: 38425 objects as part of root set at end of initial load.
[2019.01.07-00.53.45:683][  0]LogUObjectAllocator: 6690864 out of 0 bytes used by permanent object pool.
[2019.01.07-00.53.45:683][  0]LogUObjectArray: CloseDisregardForGC: 0/0 objects in disregard for GC pool
[2019.01.07-00.53.46:837][  0]LogTcpMessaging: Initializing TcpMessaging bridge
[2019.01.07-00.53.46:869][  0]LogUdpMessaging: Initializing bridge on interface 0.0.0.0:0 to multicast group 230.0.0.1:6666.
[2019.01.07-00.53.47:103][  0]SourceControl: Source control is disabled
[2019.01.07-00.53.47:103][  0]SourceControl: Source control is disabled
[2019.01.07-00.53.47:104][  0]SourceControl: Source control is disabled
[2019.01.07-00.53.47:105][  0]SourceControl: Source control is disabled
[2019.01.07-00.53.47:287][  0]LogAndroidPermission: UAndroidPermissionCallbackProxy::GetInstance
[2019.01.07-00.53.47:389][  0]LogOcInput: OculusInput pre-init called
[2019.01.07-00.53.47:459][  0]LogEngine: Initializing Engine...
[2019.01.07-00.53.47:460][  0]LogHMD: Failed to initialize OpenVR with code 110
[2019.01.07-00.53.47:462][  0]LogStats: UGameplayTagsManager::ConstructGameplayTagTree: ImportINI prefixes -  0.000 s
[2019.01.07-00.53.47:462][  0]LogStats: UGameplayTagsManager::ConstructGameplayTagTree: Construct from data asset -  0.000 s
[2019.01.07-00.53.47:463][  0]LogStats: UGameplayTagsManager::ConstructGameplayTagTree: ImportINI -  0.000 s
[2019.01.07-00.53.47:463][  0]LogStats: UGameplayTagsManager::ConstructGameplayTagTree: GameplayTagTreeChangedEvent.Broadcast -  0.000 s
[2019.01.07-00.53.47:746][  0]LogInit: Initializing FReadOnlyCVARCache
[2019.01.07-00.53.47:757][  0]LogAIModule: Creating AISystem for world Untitled
[2019.01.07-00.53.47:853][  0]LogInit: XAudio2 using 'Speakers (Realtek High Definition Audio)' : 2 channels at 48 kHz using 32 bits per sample (channel mask 0x3)
[2019.01.07-00.53.49:165][  0]LogInit: FAudioDevice initialized.
[2019.01.07-00.53.49:165][  0]LogNetVersion: Set ProjectVersion to 1.0.0.0. Version Checksum will be recalculated on next use.
[2019.01.07-00.53.49:270][  0]LogDerivedDataCache: Saved boot cache 0.11s 71MB C:/Users/wush0/AppData/Local/UnrealEngine/4.20/DerivedDataCache/Boot.ddc.
[2019.01.07-00.53.49:287][  0]LogInit: Texture streaming: Enabled
[2019.01.07-00.53.49:311][  0]LogEngineSessionManager: EngineSessionManager initialized
[2019.01.07-00.53.49:327][  0]LogInit: Transaction tracking system initialized
[2019.01.07-00.53.49:350][  0]BlueprintLog: New page: Editor Load
[2019.01.07-00.53.49:430][  0]LocalizationService: Localization service is disabled
[2019.01.07-00.53.49:796][  0]LogCook: Display: Max memory allowance for cook 16384mb min free memory 0mb
[2019.01.07-00.53.49:796][  0]LogCook: Display: Mobile HDR setting 1
[2019.01.07-00.53.49:796][  0]LogGameplayTags: Display: UGameplayTagsManager::DoneAddingNativeTags. DelegateIsBound: 0
[2019.01.07-00.53.49:796][  0]LogStats: UGameplayTagsManager::ConstructGameplayTagTree: ImportINI prefixes -  0.000 s
[2019.01.07-00.53.49:796][  0]LogStats: UGameplayTagsManager::ConstructGameplayTagTree: Construct from data asset -  0.000 s
[2019.01.07-00.53.49:796][  0]LogStats: UGameplayTagsManager::ConstructGameplayTagTree: ImportINI -  0.000 s
[2019.01.07-00.53.49:796][  0]LogStats: UGameplayTagsManager::ConstructGameplayTagTree: GameplayTagTreeChangedEvent.Broadcast -  0.000 s
[2019.01.07-00.53.49:956][  0]LogFileCache: Scanning file cache for directory 'F:/Unreal Projects/Platformer01_01/Content/' took 0.01s
[2019.01.07-00.53.49:956][  0]SourceControl: Source control is disabled
[2019.01.07-00.53.49:957][  0]LogFactory: FactoryCreateFile: PackFactory with PackFactory (0 0 F:/Unreal/UE_4.20/FeaturePacks/StarterContent.upack)
[2019.01.07-00.53.49:960][  0]LogPackFactory: Finished extracting 8 files (including 0 errors).
[2019.01.07-00.53.49:969][  0]LogPackFactory: Copied "../../../Samples/StarterContent/Content/StarterContent/Architecture/Floor_400x400.uasset" to "../../../../../Unreal Projects/Platformer01_01/Content/StarterContent/Architecture/Floor_400x400.uasset"
[2019.01.07-00.53.49:978][  0]LogPackFactory: Copied "../../../Samples/StarterContent/Content/StarterContent/Architecture/Pillar_50x500.uasset" to "../../../../../Unreal Projects/Platformer01_01/Content/StarterContent/Architecture/Pillar_50x500.uasset"
[2019.01.07-00.53.49:987][  0]LogPackFactory: Copied "../../../Samples/StarterContent/Content/StarterContent/Architecture/SM_AssetPlatform.uasset" to "../../../../../Unreal Projects/Platformer01_01/Content/StarterContent/Architecture/SM_AssetPlatform.uasset"
[2019.01.07-00.53.49:995][  0]LogPackFactory: Copied "../../../Samples/StarterContent/Content/StarterContent/Architecture/Wall_400x200.uasset" to "../../../../../Unreal Projects/Platformer01_01/Content/StarterContent/Architecture/Wall_400x200.uasset"
[2019.01.07-00.53.50:004][  0]LogPackFactory: Copied "../../../Samples/StarterContent/Content/StarterContent/Architecture/Wall_400x300.uasset" to "../../../../../Unreal Projects/Platformer01_01/Content/StarterContent/Architecture/Wall_400x300.uasset"
[2019.01.07-00.53.50:013][  0]LogPackFactory: Copied "../../../Samples/StarterContent/Content/StarterContent/Architecture/Wall_400x400.uasset" to "../../../../../Unreal Projects/Platformer01_01/Content/StarterContent/Architecture/Wall_400x400.uasset"
[2019.01.07-00.53.50:022][  0]LogPackFactory: Copied "../../../Samples/StarterContent/Content/StarterContent/Architecture/Wall_500x500.uasset" to "../../../../../Unreal Projects/Platformer01_01/Content/StarterContent/Architecture/Wall_500x500.uasset"
[2019.01.07-00.53.50:031][  0]LogPackFactory: Copied "../../../Samples/StarterContent/Content/StarterContent/Architecture/Wall_Door_400x300.uasset" to "../../../../../Unreal Projects/Platformer01_01/Content/StarterContent/Architecture/Wall_Door_400x300.uasset"
[2019.01.07-00.53.50:039][  0]LogPackFactory: Copied "../../../Samples/StarterContent/Content/StarterContent/Architecture/Wall_Door_400x400.uasset" to "../../../../../Unreal Projects/Platformer01_01/Content/StarterContent/Architecture/Wall_Door_400x400.uasset"
[2019.01.07-00.53.50:047][  0]LogPackFactory: Copied "../../../Samples/StarterContent/Content/StarterContent/Architecture/Wall_Window_400x300.uasset" to "../../../../../Unreal Projects/Platformer01_01/Content/StarterContent/Architecture/Wall_Window_400x300.uasset"
[2019.01.07-00.53.50:055][  0]LogPackFactory: Copied "../../../Samples/StarterContent/Content/StarterContent/Architecture/Wall_Window_400x400.uasset" to "../../../../../Unreal Projects/Platformer01_01/Content/StarterContent/Architecture/Wall_Window_400x400.uasset"
[2019.01.07-00.53.50:064][  0]LogPackFactory: Copied "../../../Samples/StarterContent/Content/StarterContent/Audio/Collapse01.uasset" to "../../../../../Unreal Projects/Platformer01_01/Content/StarterContent/Audio/Collapse01.uasset"
[2019.01.07-00.53.50:072][  0]LogPackFactory: Copied "../../../Samples/StarterContent/Content/StarterContent/Audio/Collapse02.uasset" to "../../../../../Unreal Projects/Platformer01_01/Content/StarterContent/Audio/Collapse02.uasset"
[2019.01.07-00.53.50:080][  0]LogPackFactory: Copied "../../../Samples/StarterContent/Content/StarterContent/Audio/Collapse_Cue.uasset" to "../../../../../Unreal Projects/Platformer01_01/Content/StarterContent/Audio/Collapse_Cue.uasset"
[2019.01.07-00.53.50:088][  0]LogPackFactory: Copied "../../../Samples/StarterContent/Content/StarterContent/Audio/Explosion01.uasset" to "../../../../../Unreal Projects/Platformer01_01/Content/StarterContent/Audio/Explosion01.uasset"
[2019.01.07-00.53.50:097][  0]LogPackFactory: Copied "../../../Samples/StarterContent/Content/StarterContent/Audio/Explosion02.uasset" to "../../../../../Unreal Projects/Platformer01_01/Content/StarterContent/Audio/Explosion02.uasset"
[2019.01.07-00.53.50:104][  0]LogPackFactory: Copied "../../../Samples/StarterContent/Content/StarterContent/Audio/Explosion_Cue.uasset" to "../../../../../Unreal Projects/Platformer01_01/Content/StarterContent/Audio/Explosion_Cue.uasset"
[2019.01.07-00.53.50:111][  0]LogPackFactory: Copied "../../../Samples/StarterContent/Content/StarterContent/Audio/Fire01.uasset" to "../../../../../Unreal Projects/Platformer01_01/Content/StarterContent/Audio/Fire01.uasset"
[2019.01.07-00.53.50:119][  0]LogPackFactory: Copied "../../../Samples/StarterContent/Content/StarterContent/Audio/Fire01_Cue.uasset" to "../../../../../Unreal Projects/Platformer01_01/Content/StarterContent/Audio/Fire01_Cue.uasset"
[2019.01.07-00.53.50:127][  0]LogPackFactory: Copied "../../../Samples/StarterContent/Content/StarterContent/Audio/Fire_Sparks01.uasset" to "../../../../../Unreal Projects/Platformer01_01/Content/StarterContent/Audio/Fire_Sparks01.uasset"
[2019.01.07-00.53.50:135][  0]LogPackFactory: Copied "../../../Samples/StarterContent/Content/StarterContent/Audio/Fire_Sparks01_Cue.uasset" to "../../../../../Unreal Projects/Platformer01_01/Content/StarterContent/Audio/Fire_Sparks01_Cue.uasset"
[2019.01.07-00.53.50:142][  0]LogPackFactory: Copied "../../../Samples/StarterContent/Content/StarterContent/Audio/Light01.uasset" to "../../../../../Unreal Projects/Platformer01_01/Content/StarterContent/Audio/Light01.uasset"
[2019.01.07-00.53.50:150][  0]LogPackFactory: Copied "../../../Samples/StarterContent/Content/StarterContent/Audio/Light01_Cue.uasset" to "../../../../../Unreal Projects/Platformer01_01/Content/StarterContent/Audio/Light01_Cue.uasset"
[2019.01.07-00.53.50:160][  0]LogPackFactory: Copied "../../../Samples/StarterContent/Content/StarterContent/Audio/Light02.uasset" to "../../../../../Unreal Projects/Platformer01_01/Content/StarterContent/Audio/Light02.uasset"
[2019.01.07-00.53.50:168][  0]LogPackFactory: Copied "../../../Samples/StarterContent/Content/StarterContent/Audio/Light02_Cue.uasset" to "../../../../../Unreal Projects/Platformer01_01/Content/StarterContent/Audio/Light02_Cue.uasset"
[2019.01.07-00.53.50:179][  0]LogPackFactory: Copied "../../../Samples/StarterContent/Content/StarterContent/Audio/Smoke01.uasset" to "../../../../../Unreal Projects/Platformer01_01/Content/StarterContent/Audio/Smoke01.uasset"
[2019.01.07-00.53.50:188][  0]LogPackFactory: Copied "../../../Samples/StarterContent/Content/StarterContent/Audio/Smoke01_Cue.uasset" to "../../../../../Unreal Projects/Platformer01_01/Content/StarterContent/Audio/Smoke01_Cue.uasset"
[2019.01.07-00.53.50:195][  0]LogPackFactory: Copied "../../../Samples/StarterContent/Content/StarterContent/Audio/Starter_Background_Cue.uasset" to "../../../../../Unreal Projects/Platformer01_01/Content/StarterContent/Audio/Starter_Background_Cue.uasset"
[2019.01.07-00.53.50:204][  0]LogPackFactory: Copied "../../../Samples/StarterContent/Content/StarterContent/Audio/Starter_Birds01.uasset" to "../../../../../Unreal Projects/Platformer01_01/Content/StarterContent/Audio/Starter_Birds01.uasset"
[2019.01.07-00.53.50:219][  0]LogPackFactory: Copied "../../../Samples/StarterContent/Content/StarterContent/Audio/Starter_Music01.uasset" to "../../../../../Unreal Projects/Platformer01_01/Content/StarterContent/Audio/Starter_Music01.uasset"
[2019.01.07-00.53.50:227][  0]LogPackFactory: Copied "../../../Samples/StarterContent/Content/StarterContent/Audio/Starter_Music_Cue.uasset" to "../../../../../Unreal Projects/Platformer01_01/Content/StarterContent/Audio/Starter_Music_Cue.uasset"
[2019.01.07-00.53.50:237][  0]LogPackFactory: Copied "../../../Samples/StarterContent/Content/StarterContent/Audio/Starter_Wind05.uasset" to "../../../../../Unreal Projects/Platformer01_01/Content/StarterContent/Audio/Starter_Wind05.uasset"
[2019.01.07-00.53.50:249][  0]LogPackFactory: Copied "../../../Samples/StarterContent/Content/StarterContent/Audio/Starter_Wind06.uasset" to "../../../../../Unreal Projects/Platformer01_01/Content/StarterContent/Audio/Starter_Wind06.uasset"
[2019.01.07-00.53.50:260][  0]LogPackFactory: Copied "../../../Samples/StarterContent/Content/StarterContent/Audio/Steam01.uasset" to "../../../../../Unreal Projects/Platformer01_01/Content/StarterContent/Audio/Steam01.uasset"
[2019.01.07-00.53.50:270][  0]LogPackFactory: Copied "../../../Samples/StarterContent/Content/StarterContent/Audio/Steam01_Cue.uasset" to "../../../../../Unreal Projects/Platformer01_01/Content/StarterContent/Audio/Steam01_Cue.uasset"
[2019.01.07-00.53.50:280][  0]LogPackFactory: Copied "../../../Samples/StarterContent/Content/StarterContent/Blueprints/Blueprint_CeilingLight.uasset" to "../../../../../Unreal Projects/Platformer01_01/Content/StarterContent/Blueprints/Blueprint_CeilingLight.uasset"
[2019.01.07-00.53.50:288][  0]LogPackFactory: Copied "../../../Samples/StarterContent/Content/StarterContent/Blueprints/Blueprint_Effect_Explosion.uasset" to "../../../../../Unreal Projects/Platformer01_01/Content/StarterContent/Blueprints/Blueprint_Effect_Explosion.uasset"
[2019.01.07-00.53.50:297][  0]LogPackFactory: Copied "../../../Samples/StarterContent/Content/StarterContent/Blueprints/Blueprint_Effect_Fire.uasset" to "../../../../../Unreal Projects/Platformer01_01/Content/StarterContent/Blueprints/Blueprint_Effect_Fire.uasset"
[2019.01.07-00.53.50:308][  0]LogPackFactory: Copied "../../../Samples/StarterContent/Content/StarterContent/Blueprints/Blueprint_Effect_Smoke.uasset" to "../../../../../Unreal Projects/Platformer01_01/Content/StarterContent/Blueprints/Blueprint_Effect_Smoke.uasset"
[2019.01.07-00.53.50:317][  0]LogPackFactory: Copied "../../../Samples/StarterContent/Content/StarterContent/Blueprints/Blueprint_Effect_Sparks.uasset" to "../../../../../Unreal Projects/Platformer01_01/Content/StarterContent/Blueprints/Blueprint_Effect_Sparks.uasset"
[2019.01.07-00.53.50:328][  0]LogPackFactory: Copied "../../../Samples/StarterContent/Content/StarterContent/Blueprints/Blueprint_Effect_Steam.uasset" to "../../../../../Unreal Projects/Platformer01_01/Content/StarterContent/Blueprints/Blueprint_Effect_Steam.uasset"
[2019.01.07-00.53.50:340][  0]LogPackFactory: Copied "../../../Samples/StarterContent/Content/StarterContent/Blueprints/Blueprint_WallSconce.uasset" to "../../../../../Unreal Projects/Platformer01_01/Content/StarterContent/Blueprints/Blueprint_WallSconce.uasset"
[2019.01.07-00.53.50:393][  0]LogPackFactory: Copied "../../../Samples/StarterContent/Content/StarterContent/Blueprints/BP_LightStudio.uasset" to "../../../../../Unreal Projects/Platformer01_01/Content/StarterContent/Blueprints/BP_LightStudio.uasset"
[2019.01.07-00.53.50:403][  0]LogPackFactory: Copied "../../../Samples/StarterContent/Content/StarterContent/Blueprints/Assets/FogBrightnessLUT.uasset" to "../../../../../Unreal Projects/Platformer01_01/Content/StarterContent/Blueprints/Assets/FogBrightnessLUT.uasset"
[2019.01.07-00.53.50:411][  0]LogPackFactory: Copied "../../../Samples/StarterContent/Content/StarterContent/Blueprints/Assets/M_LightStage_Arrows.uasset" to "../../../../../Unreal Projects/Platformer01_01/Content/StarterContent/Blueprints/Assets/M_LightStage_Arrows.uasset"
[2019.01.07-00.53.50:420][  0]LogPackFactory: Copied "../../../Samples/StarterContent/Content/StarterContent/Blueprints/Assets/M_LightStage_Skybox_Black.uasset" to "../../../../../Unreal Projects/Platformer01_01/Content/StarterContent/Blueprints/Assets/M_LightStage_Skybox_Black.uasset"
[2019.01.07-00.53.50:432][  0]LogPackFactory: Copied "../../../Samples/StarterContent/Content/StarterContent/Blueprints/Assets/M_LightStage_Skybox_HDRI.uasset" to "../../../../../Unreal Projects/Platformer01_01/Content/StarterContent/Blueprints/Assets/M_LightStage_Skybox_HDRI.uasset"
[2019.01.07-00.53.50:440][  0]LogPackFactory: Copied "../../../Samples/StarterContent/Content/StarterContent/Blueprints/Assets/M_LightStage_Skybox_Master.uasset" to "../../../../../Unreal Projects/Platformer01_01/Content/StarterContent/Blueprints/Assets/M_LightStage_Skybox_Master.uasset"
[2019.01.07-00.53.50:450][  0]LogPackFactory: Copied "../../../Samples/StarterContent/Content/StarterContent/Blueprints/Assets/Skybox.uasset" to "../../../../../Unreal Projects/Platformer01_01/Content/StarterContent/Blueprints/Assets/Skybox.uasset"
[2019.01.07-00.53.50:468][  0]LogPackFactory: Copied "../../../Samples/StarterContent/Content/StarterContent/Blueprints/Assets/SM_Arrows.uasset" to "../../../../../Unreal Projects/Platformer01_01/Content/StarterContent/Blueprints/Assets/SM_Arrows.uasset"
[2019.01.07-00.53.50:475][  0]LogPackFactory: Copied "../../../Samples/StarterContent/Content/StarterContent/Blueprints/Assets/SunlightColorLUT.uasset" to "../../../../../Unreal Projects/Platformer01_01/Content/StarterContent/Blueprints/Assets/SunlightColorLUT.uasset"
[2019.01.07-00.53.50:573][  0]LogPackFactory: Copied "../../../Samples/StarterContent/Content/StarterContent/HDRI/HDRI_Epic_Courtyard_Daylight.uasset" to "../../../../../Unreal Projects/Platformer01_01/Content/StarterContent/HDRI/HDRI_Epic_Courtyard_Daylight.uasset"
[2019.01.07-00.53.50:583][  0]LogPackFactory: Copied "../../../Samples/StarterContent/Content/StarterContent/Maps/Advanced_Lighting.umap" to "../../../../../Unreal Projects/Platformer01_01/Content/StarterContent/Maps/Advanced_Lighting.umap"
[2019.01.07-00.53.50:593][  0]LogPackFactory: Copied "../../../Samples/StarterContent/Content/StarterContent/Maps/Advanced_Lighting_BuiltData.uasset" to "../../../../../Unreal Projects/Platformer01_01/Content/StarterContent/Maps/Advanced_Lighting_BuiltData.uasset"
[2019.01.07-00.53.50:604][  0]LogPackFactory: Copied "../../../Samples/StarterContent/Content/StarterContent/Maps/Minimal_Default.umap" to "../../../../../Unreal Projects/Platformer01_01/Content/StarterContent/Maps/Minimal_Default.umap"
[2019.01.07-00.53.50:619][  0]LogPackFactory: Copied "../../../Samples/StarterContent/Content/StarterContent/Maps/Minimal_Default_BuiltData.uasset" to "../../../../../Unreal Projects/Platformer01_01/Content/StarterContent/Maps/Minimal_Default_BuiltData.uasset"
[2019.01.07-00.53.50:631][  0]LogPackFactory: Copied "../../../Samples/StarterContent/Content/StarterContent/Maps/StarterMap.umap" to "../../../../../Unreal Projects/Platformer01_01/Content/StarterContent/Maps/StarterMap.umap"
[2019.01.07-00.53.50:669][  0]LogPackFactory: Copied "../../../Samples/StarterContent/Content/StarterContent/Maps/StarterMap_BuiltData.uasset" to "../../../../../Unreal Projects/Platformer01_01/Content/StarterContent/Maps/StarterMap_BuiltData.uasset"
[2019.01.07-00.53.50:678][  0]LogPackFactory: Copied "../../../Samples/StarterContent/Content/StarterContent/Materials/M_AssetPlatform.uasset" to "../../../../../Unreal Projects/Platformer01_01/Content/StarterContent/Materials/M_AssetPlatform.uasset"
[2019.01.07-00.53.50:689][  0]LogPackFactory: Copied "../../../Samples/StarterContent/Content/StarterContent/Materials/M_Basic_Floor.uasset" to "../../../../../Unreal Projects/Platformer01_01/Content/StarterContent/Materials/M_Basic_Floor.uasset"
[2019.01.07-00.53.50:700][  0]LogPackFactory: Copied "../../../Samples/StarterContent/Content/StarterContent/Materials/M_Basic_Wall.uasset" to "../../../../../Unreal Projects/Platformer01_01/Content/StarterContent/Materials/M_Basic_Wall.uasset"
[2019.01.07-00.53.50:712][  0]LogPackFactory: Copied "../../../Samples/StarterContent/Content/StarterContent/Materials/M_Brick_Clay_Beveled.uasset" to "../../../../../Unreal Projects/Platformer01_01/Content/StarterContent/Materials/M_Brick_Clay_Beveled.uasset"
[2019.01.07-00.53.50:723][  0]LogPackFactory: Copied "../../../Samples/StarterContent/Content/StarterContent/Materials/M_Brick_Clay_New.uasset" to "../../../../../Unreal Projects/Platformer01_01/Content/StarterContent/Materials/M_Brick_Clay_New.uasset"
[2019.01.07-00.53.50:735][  0]LogPackFactory: Copied "../../../Samples/StarterContent/Content/StarterContent/Materials/M_Brick_Clay_Old.uasset" to "../../../../../Unreal Projects/Platformer01_01/Content/StarterContent/Materials/M_Brick_Clay_Old.uasset"
[2019.01.07-00.53.50:745][  0]LogPackFactory: Copied "../../../Samples/StarterContent/Content/StarterContent/Materials/M_Brick_Cut_Stone.uasset" to "../../../../../Unreal Projects/Platformer01_01/Content/StarterContent/Materials/M_Brick_Cut_Stone.uasset"
[2019.01.07-00.53.50:756][  0]LogPackFactory: Copied "../../../Samples/StarterContent/Content/StarterContent/Materials/M_Brick_Hewn_Stone.uasset" to "../../../../../Unreal Projects/Platformer01_01/Content/StarterContent/Materials/M_Brick_Hewn_Stone.uasset"
[2019.01.07-00.53.50:766][  0]LogPackFactory: Copied "../../../Samples/StarterContent/Content/StarterContent/Materials/M_Ceramic_Tile_Checker.uasset" to "../../../../../Unreal Projects/Platformer01_01/Content/StarterContent/Materials/M_Ceramic_Tile_Checker.uasset"
[2019.01.07-00.53.50:776][  0]LogPackFactory: Copied "../../../Samples/StarterContent/Content/StarterContent/Materials/M_CobbleStone_Pebble.uasset" to "../../../../../Unreal Projects/Platformer01_01/Content/StarterContent/Materials/M_CobbleStone_Pebble.uasset"
[2019.01.07-00.53.50:786][  0]LogPackFactory: Copied "../../../Samples/StarterContent/Content/StarterContent/Materials/M_CobbleStone_Rough.uasset" to "../../../../../Unreal Projects/Platformer01_01/Content/StarterContent/Materials/M_CobbleStone_Rough.uasset"
[2019.01.07-00.53.50:796][  0]LogPackFactory: Copied "../../../Samples/StarterContent/Content/StarterContent/Materials/M_CobbleStone_Smooth.uasset" to "../../../../../Unreal Projects/Platformer01_01/Content/StarterContent/Materials/M_CobbleStone_Smooth.uasset"
[2019.01.07-00.53.50:806][  0]LogPackFactory: Copied "../../../Samples/StarterContent/Content/StarterContent/Materials/M_ColorGrid_LowSpec.uasset" to "../../../../../Unreal Projects/Platformer01_01/Content/StarterContent/Materials/M_ColorGrid_LowSpec.uasset"
[2019.01.07-00.53.50:817][  0]LogPackFactory: Copied "../../../Samples/StarterContent/Content/StarterContent/Materials/M_Concrete_Grime.uasset" to "../../../../../Unreal Projects/Platformer01_01/Content/StarterContent/Materials/M_Concrete_Grime.uasset"
[2019.01.07-00.53.50:826][  0]LogPackFactory: Copied "../../../Samples/StarterContent/Content/StarterContent/Materials/M_Concrete_Panels.uasset" to "../../../../../Unreal Projects/Platformer01_01/Content/StarterContent/Materials/M_Concrete_Panels.uasset"
[2019.01.07-00.53.50:835][  0]LogPackFactory: Copied "../../../Samples/StarterContent/Content/StarterContent/Materials/M_Concrete_Poured.uasset" to "../../../../../Unreal Projects/Platformer01_01/Content/StarterContent/Materials/M_Concrete_Poured.uasset"
[2019.01.07-00.53.50:846][  0]LogPackFactory: Copied "../../../Samples/StarterContent/Content/StarterContent/Materials/M_Concrete_Tiles.uasset" to "../../../../../Unreal Projects/Platformer01_01/Content/StarterContent/Materials/M_Concrete_Tiles.uasset"
[2019.01.07-00.53.50:855][  0]LogPackFactory: Copied "../../../Samples/StarterContent/Content/StarterContent/Materials/M_Glass.uasset" to "../../../../../Unreal Projects/Platformer01_01/Content/StarterContent/Materials/M_Glass.uasset"
[2019.01.07-00.53.50:868][  0]LogPackFactory: Copied "../../../Samples/StarterContent/Content/StarterContent/Materials/M_Ground_Grass.uasset" to "../../../../../Unreal Projects/Platformer01_01/Content/StarterContent/Materials/M_Ground_Grass.uasset"
[2019.01.07-00.53.50:889][  0]LogPackFactory: Copied "../../../Samples/StarterContent/Content/StarterContent/Materials/M_Ground_Gravel.uasset" to "../../../../../Unreal Projects/Platformer01_01/Content/StarterContent/Materials/M_Ground_Gravel.uasset"
[2019.01.07-00.53.50:903][  0]LogPackFactory: Copied "../../../Samples/StarterContent/Content/StarterContent/Materials/M_Ground_Moss.uasset" to "../../../../../Unreal Projects/Platformer01_01/Content/StarterContent/Materials/M_Ground_Moss.uasset"
[2019.01.07-00.53.50:915][  0]LogPackFactory: Copied "../../../Samples/StarterContent/Content/StarterContent/Materials/M_Metal_Brushed_Nickel.uasset" to "../../../../../Unreal Projects/Platformer01_01/Content/StarterContent/Materials/M_Metal_Brushed_Nickel.uasset"
[2019.01.07-00.53.50:927][  0]LogPackFactory: Copied "../../../Samples/StarterContent/Content/StarterContent/Materials/M_Metal_Burnished_Steel.uasset" to "../../../../../Unreal Projects/Platformer01_01/Content/StarterContent/Materials/M_Metal_Burnished_Steel.uasset"
[2019.01.07-00.53.50:941][  0]LogPackFactory: Copied "../../../Samples/StarterContent/Content/StarterContent/Materials/M_Metal_Chrome.uasset" to "../../../../../Unreal Projects/Platformer01_01/Content/StarterContent/Materials/M_Metal_Chrome.uasset"
[2019.01.07-00.53.50:954][  0]LogPackFactory: Copied "../../../Samples/StarterContent/Content/StarterContent/Materials/M_Metal_Copper.uasset" to "../../../../../Unreal Projects/Platformer01_01/Content/StarterContent/Materials/M_Metal_Copper.uasset"
[2019.01.07-00.53.50:967][  0]LogPackFactory: Copied "../../../Samples/StarterContent/Content/StarterContent/Materials/M_Metal_Gold.uasset" to "../../../../../Unreal Projects/Platformer01_01/Content/StarterContent/Materials/M_Metal_Gold.uasset"
[2019.01.07-00.53.50:981][  0]LogPackFactory: Copied "../../../Samples/StarterContent/Content/StarterContent/Materials/M_Metal_Rust.uasset" to "../../../../../Unreal Projects/Platformer01_01/Content/StarterContent/Materials/M_Metal_Rust.uasset"
[2019.01.07-00.53.50:992][  0]LogPackFactory: Copied "../../../Samples/StarterContent/Content/StarterContent/Materials/M_Metal_Steel.uasset" to "../../../../../Unreal Projects/Platformer01_01/Content/StarterContent/Materials/M_Metal_Steel.uasset"
[2019.01.07-00.53.51:005][  0]LogPackFactory: Copied "../../../Samples/StarterContent/Content/StarterContent/Materials/M_Rock_Basalt.uasset" to "../../../../../Unreal Projects/Platformer01_01/Content/StarterContent/Materials/M_Rock_Basalt.uasset"
[2019.01.07-00.53.51:032][  0]LogPackFactory: Copied "../../../Samples/StarterContent/Content/StarterContent/Materials/M_Rock_Marble_Polished.uasset" to "../../../../../Unreal Projects/Platformer01_01/Content/StarterContent/Materials/M_Rock_Marble_Polished.uasset"
[2019.01.07-00.53.51:045][  0]LogPackFactory: Copied "../../../Samples/StarterContent/Content/StarterContent/Materials/M_Rock_Sandstone.uasset" to "../../../../../Unreal Projects/Platformer01_01/Content/StarterContent/Materials/M_Rock_Sandstone.uasset"
[2019.01.07-00.53.51:060][  0]LogPackFactory: Copied "../../../Samples/StarterContent/Content/StarterContent/Materials/M_Rock_Slate.uasset" to "../../../../../Unreal Projects/Platformer01_01/Content/StarterContent/Materials/M_Rock_Slate.uasset"
[2019.01.07-00.53.51:104][  0]LogPackFactory: Copied "../../../Samples/StarterContent/Content/StarterContent/Materials/M_Tech_Checker_Dot.uasset" to "../../../../../Unreal Projects/Platformer01_01/Content/StarterContent/Materials/M_Tech_Checker_Dot.uasset"
[2019.01.07-00.53.51:126][  0]LogPackFactory: Copied "../../../Samples/StarterContent/Content/StarterContent/Materials/M_Tech_Hex_Tile.uasset" to "../../../../../Unreal Projects/Platformer01_01/Content/StarterContent/Materials/M_Tech_Hex_Tile.uasset"
[2019.01.07-00.53.51:140][  0]LogPackFactory: Copied "../../../Samples/StarterContent/Content/StarterContent/Materials/M_Tech_Hex_Tile_Pulse.uasset" to "../../../../../Unreal Projects/Platformer01_01/Content/StarterContent/Materials/M_Tech_Hex_Tile_Pulse.uasset"
[2019.01.07-00.53.51:153][  0]LogPackFactory: Copied "../../../Samples/StarterContent/Content/StarterContent/Materials/M_Tech_Panel.uasset" to "../../../../../Unreal Projects/Platformer01_01/Content/StarterContent/Materials/M_Tech_Panel.uasset"
[2019.01.07-00.53.51:172][  0]LogPackFactory: Copied "../../../Samples/StarterContent/Content/StarterContent/Materials/M_Water_Lake.uasset" to "../../../../../Unreal Projects/Platformer01_01/Content/StarterContent/Materials/M_Water_Lake.uasset"
[2019.01.07-00.53.51:185][  0]LogPackFactory: Copied "../../../Samples/StarterContent/Content/StarterContent/Materials/M_Water_Ocean.uasset" to "../../../../../Unreal Projects/Platformer01_01/Content/StarterContent/Materials/M_Water_Ocean.uasset"
[2019.01.07-00.53.51:197][  0]LogPackFactory: Copied "../../../Samples/StarterContent/Content/StarterContent/Materials/M_Wood_Floor_Walnut_Polished.uasset" to "../../../../../Unreal Projects/Platformer01_01/Content/StarterContent/Materials/M_Wood_Floor_Walnut_Polished.uasset"
[2019.01.07-00.53.51:210][  0]LogPackFactory: Copied "../../../Samples/StarterContent/Content/StarterContent/Materials/M_Wood_Floor_Walnut_Worn.uasset" to "../../../../../Unreal Projects/Platformer01_01/Content/StarterContent/Materials/M_Wood_Floor_Walnut_Worn.uasset"
[2019.01.07-00.53.51:243][  0]LogPackFactory: Copied "../../../Samples/StarterContent/Content/StarterContent/Materials/M_Wood_Oak.uasset" to "../../../../../Unreal Projects/Platformer01_01/Content/StarterContent/Materials/M_Wood_Oak.uasset"
[2019.01.07-00.53.51:258][  0]LogPackFactory: Copied "../../../Samples/StarterContent/Content/StarterContent/Materials/M_Wood_Pine.uasset" to "../../../../../Unreal Projects/Platformer01_01/Content/StarterContent/Materials/M_Wood_Pine.uasset"
[2019.01.07-00.53.51:272][  0]LogPackFactory: Copied "../../../Samples/StarterContent/Content/StarterContent/Materials/M_Wood_Walnut.uasset" to "../../../../../Unreal Projects/Platformer01_01/Content/StarterContent/Materials/M_Wood_Walnut.uasset"
[2019.01.07-00.53.51:308][  0]LogPackFactory: Copied "../../../Samples/StarterContent/Content/StarterContent/Particles/P_Ambient_Dust.uasset" to "../../../../../Unreal Projects/Platformer01_01/Content/StarterContent/Particles/P_Ambient_Dust.uasset"
[2019.01.07-00.53.51:322][  0]LogPackFactory: Copied "../../../Samples/StarterContent/Content/StarterContent/Particles/P_Explosion.uasset" to "../../../../../Unreal Projects/Platformer01_01/Content/StarterContent/Particles/P_Explosion.uasset"
[2019.01.07-00.53.51:381][  0]LogPackFactory: Copied "../../../Samples/StarterContent/Content/StarterContent/Particles/P_Fire.uasset" to "../../../../../Unreal Projects/Platformer01_01/Content/StarterContent/Particles/P_Fire.uasset"
[2019.01.07-00.53.51:403][  0]LogPackFactory: Copied "../../../Samples/StarterContent/Content/StarterContent/Particles/P_Smoke.uasset" to "../../../../../Unreal Projects/Platformer01_01/Content/StarterContent/Particles/P_Smoke.uasset"
[2019.01.07-00.53.51:421][  0]LogPackFactory: Copied "../../../Samples/StarterContent/Content/StarterContent/Particles/P_Sparks.uasset" to "../../../../../Unreal Projects/Platformer01_01/Content/StarterContent/Particles/P_Sparks.uasset"
[2019.01.07-00.53.51:436][  0]LogPackFactory: Copied "../../../Samples/StarterContent/Content/StarterContent/Particles/P_Steam_Lit.uasset" to "../../../../../Unreal Projects/Platformer01_01/Content/StarterContent/Particles/P_Steam_Lit.uasset"
[2019.01.07-00.53.51:448][  0]LogPackFactory: Copied "../../../Samples/StarterContent/Content/StarterContent/Particles/Materials/M_Burst.uasset" to "../../../../../Unreal Projects/Platformer01_01/Content/StarterContent/Particles/Materials/M_Burst.uasset"
[2019.01.07-00.53.51:463][  0]LogPackFactory: Copied "../../../Samples/StarterContent/Content/StarterContent/Particles/Materials/M_Dust_Particle.uasset" to "../../../../../Unreal Projects/Platformer01_01/Content/StarterContent/Particles/Materials/M_Dust_Particle.uasset"
[2019.01.07-00.53.51:474][  0]LogPackFactory: Copied "../../../Samples/StarterContent/Content/StarterContent/Particles/Materials/M_explosion_subUV.uasset" to "../../../../../Unreal Projects/Platformer01_01/Content/StarterContent/Particles/Materials/M_explosion_subUV.uasset"
[2019.01.07-00.53.51:486][  0]LogPackFactory: Copied "../../../Samples/StarterContent/Content/StarterContent/Particles/Materials/M_Fire_SubUV.uasset" to "../../../../../Unreal Projects/Platformer01_01/Content/StarterContent/Particles/Materials/M_Fire_SubUV.uasset"
[2019.01.07-00.53.51:498][  0]LogPackFactory: Copied "../../../Samples/StarterContent/Content/StarterContent/Particles/Materials/m_flare_01.uasset" to "../../../../../Unreal Projects/Platformer01_01/Content/StarterContent/Particles/Materials/m_flare_01.uasset"
[2019.01.07-00.53.51:510][  0]LogPackFactory: Copied "../../../Samples/StarterContent/Content/StarterContent/Particles/Materials/M_Heat_Distortion.uasset" to "../../../../../Unreal Projects/Platformer01_01/Content/StarterContent/Particles/Materials/M_Heat_Distortion.uasset"
[2019.01.07-00.53.51:522][  0]LogPackFactory: Copied "../../../Samples/StarterContent/Content/StarterContent/Particles/Materials/M_Radial_Gradient.uasset" to "../../../../../Unreal Projects/Platformer01_01/Content/StarterContent/Particles/Materials/M_Radial_Gradient.uasset"
[2019.01.07-00.53.51:534][  0]LogPackFactory: Copied "../../../Samples/StarterContent/Content/StarterContent/Particles/Materials/M_radial_ramp.uasset" to "../../../../../Unreal Projects/Platformer01_01/Content/StarterContent/Particles/Materials/M_radial_ramp.uasset"
[2019.01.07-00.53.51:547][  0]LogPackFactory: Copied "../../../Samples/StarterContent/Content/StarterContent/Particles/Materials/M_smoke_subUV.uasset" to "../../../../../Unreal Projects/Platformer01_01/Content/StarterContent/Particles/Materials/M_smoke_subUV.uasset"
[2019.01.07-00.53.51:559][  0]LogPackFactory: Copied "../../../Samples/StarterContent/Content/StarterContent/Particles/Materials/M_Spark.uasset" to "../../../../../Unreal Projects/Platformer01_01/Content/StarterContent/Particles/Materials/M_Spark.uasset"
[2019.01.07-00.53.51:572][  0]LogPackFactory: Copied "../../../Samples/StarterContent/Content/StarterContent/Props/MaterialSphere.uasset" to "../../../../../Unreal Projects/Platformer01_01/Content/StarterContent/Props/MaterialSphere.uasset"
[2019.01.07-00.53.51:590][  0]LogPackFactory: Copied "../../../Samples/StarterContent/Content/StarterContent/Props/SM_Bush.uasset" to "../../../../../Unreal Projects/Platformer01_01/Content/StarterContent/Props/SM_Bush.uasset"
[2019.01.07-00.53.51:604][  0]LogPackFactory: Copied "../../../Samples/StarterContent/Content/StarterContent/Props/SM_Chair.uasset" to "../../../../../Unreal Projects/Platformer01_01/Content/StarterContent/Props/SM_Chair.uasset"
[2019.01.07-00.53.51:616][  0]LogPackFactory: Copied "../../../Samples/StarterContent/Content/StarterContent/Props/SM_CornerFrame.uasset" to "../../../../../Unreal Projects/Platformer01_01/Content/StarterContent/Props/SM_CornerFrame.uasset"
[2019.01.07-00.53.51:629][  0]LogPackFactory: Copied "../../../Samples/StarterContent/Content/StarterContent/Props/SM_Couch.uasset" to "../../../../../Unreal Projects/Platformer01_01/Content/StarterContent/Props/SM_Couch.uasset"
[2019.01.07-00.53.51:640][  0]LogPackFactory: Copied "../../../Samples/StarterContent/Content/StarterContent/Props/SM_Door.uasset" to "../../../../../Unreal Projects/Platformer01_01/Content/StarterContent/Props/SM_Door.uasset"
[2019.01.07-00.53.51:658][  0]LogPackFactory: Copied "../../../Samples/StarterContent/Content/StarterContent/Props/SM_DoorFrame.uasset" to "../../../../../Unreal Projects/Platformer01_01/Content/StarterContent/Props/SM_DoorFrame.uasset"
[2019.01.07-00.53.51:678][  0]LogPackFactory: Copied "../../../Samples/StarterContent/Content/StarterContent/Props/SM_GlassWindow.uasset" to "../../../../../Unreal Projects/Platformer01_01/Content/StarterContent/Props/SM_GlassWindow.uasset"
[2019.01.07-00.53.51:690][  0]LogPackFactory: Copied "../../../Samples/StarterContent/Content/StarterContent/Props/SM_Lamp_Ceiling.uasset" to "../../../../../Unreal Projects/Platformer01_01/Content/StarterContent/Props/SM_Lamp_Ceiling.uasset"
[2019.01.07-00.53.51:704][  0]LogPackFactory: Copied "../../../Samples/StarterContent/Content/StarterContent/Props/SM_Lamp_Wall.uasset" to "../../../../../Unreal Projects/Platformer01_01/Content/StarterContent/Props/SM_Lamp_Wall.uasset"
[2019.01.07-00.53.51:718][  0]LogPackFactory: Copied "../../../Samples/StarterContent/Content/StarterContent/Props/SM_MatPreviewMesh_02.uasset" to "../../../../../Unreal Projects/Platformer01_01/Content/StarterContent/Props/SM_MatPreviewMesh_02.uasset"
[2019.01.07-00.53.51:731][  0]LogPackFactory: Copied "../../../Samples/StarterContent/Content/StarterContent/Props/SM_PillarFrame.uasset" to "../../../../../Unreal Projects/Platformer01_01/Content/StarterContent/Props/SM_PillarFrame.uasset"
[2019.01.07-00.53.51:744][  0]LogPackFactory: Copied "../../../Samples/StarterContent/Content/StarterContent/Props/SM_PillarFrame300.uasset" to "../../../../../Unreal Projects/Platformer01_01/Content/StarterContent/Props/SM_PillarFrame300.uasset"
[2019.01.07-00.53.51:757][  0]LogPackFactory: Copied "../../../Samples/StarterContent/Content/StarterContent/Props/SM_Rock.uasset" to "../../../../../Unreal Projects/Platformer01_01/Content/StarterContent/Props/SM_Rock.uasset"
[2019.01.07-00.53.51:770][  0]LogPackFactory: Copied "../../../Samples/StarterContent/Content/StarterContent/Props/SM_Shelf.uasset" to "../../../../../Unreal Projects/Platformer01_01/Content/StarterContent/Props/SM_Shelf.uasset"
[2019.01.07-00.53.51:785][  0]LogPackFactory: Copied "../../../Samples/StarterContent/Content/StarterContent/Props/SM_Stairs.uasset" to "../../../../../Unreal Projects/Platformer01_01/Content/StarterContent/Props/SM_Stairs.uasset"
[2019.01.07-00.53.51:798][  0]LogPackFactory: Copied "../../../Samples/StarterContent/Content/StarterContent/Props/SM_Statue.uasset" to "../../../../../Unreal Projects/Platformer01_01/Content/StarterContent/Props/SM_Statue.uasset"
[2019.01.07-00.53.51:846][  0]LogPackFactory: Copied "../../../Samples/StarterContent/Content/StarterContent/Props/SM_TableRound.uasset" to "../../../../../Unreal Projects/Platformer01_01/Content/StarterContent/Props/SM_TableRound.uasset"
[2019.01.07-00.53.51:858][  0]LogPackFactory: Copied "../../../Samples/StarterContent/Content/StarterContent/Props/SM_WindowFrame.uasset" to "../../../../../Unreal Projects/Platformer01_01/Content/StarterContent/Props/SM_WindowFrame.uasset"
[2019.01.07-00.53.51:873][  0]LogPackFactory: Copied "../../../Samples/StarterContent/Content/StarterContent/Props/Materials/M_Bush.uasset" to "../../../../../Unreal Projects/Platformer01_01/Content/StarterContent/Props/Materials/M_Bush.uasset"
[2019.01.07-00.53.51:887][  0]LogPackFactory: Copied "../../../Samples/StarterContent/Content/StarterContent/Props/Materials/M_Chair.uasset" to "../../../../../Unreal Projects/Platformer01_01/Content/StarterContent/Props/Materials/M_Chair.uasset"
[2019.01.07-00.53.51:899][  0]LogPackFactory: Copied "../../../Samples/StarterContent/Content/StarterContent/Props/Materials/M_Door.uasset" to "../../../../../Unreal Projects/Platformer01_01/Content/StarterContent/Props/Materials/M_Door.uasset"
[2019.01.07-00.53.51:913][  0]LogPackFactory: Copied "../../../Samples/StarterContent/Content/StarterContent/Props/Materials/M_Frame.uasset" to "../../../../../Unreal Projects/Platformer01_01/Content/StarterContent/Props/Materials/M_Frame.uasset"
[2019.01.07-00.53.51:925][  0]LogPackFactory: Copied "../../../Samples/StarterContent/Content/StarterContent/Props/Materials/M_Lamp.uasset" to "../../../../../Unreal Projects/Platformer01_01/Content/StarterContent/Props/Materials/M_Lamp.uasset"
[2019.01.07-00.53.51:937][  0]LogPackFactory: Copied "../../../Samples/StarterContent/Content/StarterContent/Props/Materials/M_MaterialSphere.uasset" to "../../../../../Unreal Projects/Platformer01_01/Content/StarterContent/Props/Materials/M_MaterialSphere.uasset"
[2019.01.07-00.53.51:952][  0]LogPackFactory: Copied "../../../Samples/StarterContent/Content/StarterContent/Props/Materials/M_MaterialSphere_Plain.uasset" to "../../../../../Unreal Projects/Platformer01_01/Content/StarterContent/Props/Materials/M_MaterialSphere_Plain.uasset"
[2019.01.07-00.53.51:966][  0]LogPackFactory: Copied "../../../Samples/StarterContent/Content/StarterContent/Props/Materials/M_Rock.uasset" to "../../../../../Unreal Projects/Platformer01_01/Content/StarterContent/Props/Materials/M_Rock.uasset"
[2019.01.07-00.53.51:978][  0]LogPackFactory: Copied "../../../Samples/StarterContent/Content/StarterContent/Props/Materials/M_Shelf.uasset" to "../../../../../Unreal Projects/Platformer01_01/Content/StarterContent/Props/Materials/M_Shelf.uasset"
[2019.01.07-00.53.51:990][  0]LogPackFactory: Copied "../../../Samples/StarterContent/Content/StarterContent/Props/Materials/M_Statue.uasset" to "../../../../../Unreal Projects/Platformer01_01/Content/StarterContent/Props/Materials/M_Statue.uasset"
[2019.01.07-00.53.52:003][  0]LogPackFactory: Copied "../../../Samples/StarterContent/Content/StarterContent/Props/Materials/M_StatueGlass.uasset" to "../../../../../Unreal Projects/Platformer01_01/Content/StarterContent/Props/Materials/M_StatueGlass.uasset"
[2019.01.07-00.53.52:016][  0]LogPackFactory: Copied "../../../Samples/StarterContent/Content/StarterContent/Props/Materials/M_TableRound.uasset" to "../../../../../Unreal Projects/Platformer01_01/Content/StarterContent/Props/Materials/M_TableRound.uasset"
[2019.01.07-00.53.52:027][  0]LogPackFactory: Copied "../../../Samples/StarterContent/Content/StarterContent/Shapes/Shape_Cone.uasset" to "../../../../../Unreal Projects/Platformer01_01/Content/StarterContent/Shapes/Shape_Cone.uasset"
[2019.01.07-00.53.52:041][  0]LogPackFactory: Copied "../../../Samples/StarterContent/Content/StarterContent/Shapes/Shape_Cube.uasset" to "../../../../../Unreal Projects/Platformer01_01/Content/StarterContent/Shapes/Shape_Cube.uasset"
[2019.01.07-00.53.52:061][  0]LogPackFactory: Copied "../../../Samples/StarterContent/Content/StarterContent/Shapes/Shape_Cylinder.uasset" to "../../../../../Unreal Projects/Platformer01_01/Content/StarterContent/Shapes/Shape_Cylinder.uasset"
[2019.01.07-00.53.52:074][  0]LogPackFactory: Copied "../../../Samples/StarterContent/Content/StarterContent/Shapes/Shape_NarrowCapsule.uasset" to "../../../../../Unreal Projects/Platformer01_01/Content/StarterContent/Shapes/Shape_NarrowCapsule.uasset"
[2019.01.07-00.53.52:086][  0]LogPackFactory: Copied "../../../Samples/StarterContent/Content/StarterContent/Shapes/Shape_Pipe.uasset" to "../../../../../Unreal Projects/Platformer01_01/Content/StarterContent/Shapes/Shape_Pipe.uasset"
[2019.01.07-00.53.52:098][  0]LogPackFactory: Copied "../../../Samples/StarterContent/Content/StarterContent/Shapes/Shape_Pipe_180.uasset" to "../../../../../Unreal Projects/Platformer01_01/Content/StarterContent/Shapes/Shape_Pipe_180.uasset"
[2019.01.07-00.53.52:112][  0]LogPackFactory: Copied "../../../Samples/StarterContent/Content/StarterContent/Shapes/Shape_Pipe_90.uasset" to "../../../../../Unreal Projects/Platformer01_01/Content/StarterContent/Shapes/Shape_Pipe_90.uasset"
[2019.01.07-00.53.52:123][  0]LogPackFactory: Copied "../../../Samples/StarterContent/Content/StarterContent/Shapes/Shape_Plane.uasset" to "../../../../../Unreal Projects/Platformer01_01/Content/StarterContent/Shapes/Shape_Plane.uasset"
[2019.01.07-00.53.52:134][  0]LogPackFactory: Copied "../../../Samples/StarterContent/Content/StarterContent/Shapes/Shape_QuadPyramid.uasset" to "../../../../../Unreal Projects/Platformer01_01/Content/StarterContent/Shapes/Shape_QuadPyramid.uasset"
[2019.01.07-00.53.52:146][  0]LogPackFactory: Copied "../../../Samples/StarterContent/Content/StarterContent/Shapes/Shape_Sphere.uasset" to "../../../../../Unreal Projects/Platformer01_01/Content/StarterContent/Shapes/Shape_Sphere.uasset"
[2019.01.07-00.53.52:158][  0]LogPackFactory: Copied "../../../Samples/StarterContent/Content/StarterContent/Shapes/Shape_Torus.uasset" to "../../../../../Unreal Projects/Platformer01_01/Content/StarterContent/Shapes/Shape_Torus.uasset"
[2019.01.07-00.53.52:171][  0]LogPackFactory: Copied "../../../Samples/StarterContent/Content/StarterContent/Shapes/Shape_Trim.uasset" to "../../../../../Unreal Projects/Platformer01_01/Content/StarterContent/Shapes/Shape_Trim.uasset"
[2019.01.07-00.53.52:181][  0]LogPackFactory: Copied "../../../Samples/StarterContent/Content/StarterContent/Shapes/Shape_Trim_90_In.uasset" to "../../../../../Unreal Projects/Platformer01_01/Content/StarterContent/Shapes/Shape_Trim_90_In.uasset"
[2019.01.07-00.53.52:191][  0]LogPackFactory: Copied "../../../Samples/StarterContent/Content/StarterContent/Shapes/Shape_Trim_90_Out.uasset" to "../../../../../Unreal Projects/Platformer01_01/Content/StarterContent/Shapes/Shape_Trim_90_Out.uasset"
[2019.01.07-00.53.52:203][  0]LogPackFactory: Copied "../../../Samples/StarterContent/Content/StarterContent/Shapes/Shape_TriPyramid.uasset" to "../../../../../Unreal Projects/Platformer01_01/Content/StarterContent/Shapes/Shape_TriPyramid.uasset"
[2019.01.07-00.53.52:215][  0]LogPackFactory: Copied "../../../Samples/StarterContent/Content/StarterContent/Shapes/Shape_Tube.uasset" to "../../../../../Unreal Projects/Platformer01_01/Content/StarterContent/Shapes/Shape_Tube.uasset"
[2019.01.07-00.53.52:227][  0]LogPackFactory: Copied "../../../Samples/StarterContent/Content/StarterContent/Shapes/Shape_Wedge_A.uasset" to "../../../../../Unreal Projects/Platformer01_01/Content/StarterContent/Shapes/Shape_Wedge_A.uasset"
[2019.01.07-00.53.52:240][  0]LogPackFactory: Copied "../../../Samples/StarterContent/Content/StarterContent/Shapes/Shape_Wedge_B.uasset" to "../../../../../Unreal Projects/Platformer01_01/Content/StarterContent/Shapes/Shape_Wedge_B.uasset"
[2019.01.07-00.53.52:253][  0]LogPackFactory: Copied "../../../Samples/StarterContent/Content/StarterContent/Shapes/Shape_WideCapsule.uasset" to "../../../../../Unreal Projects/Platformer01_01/Content/StarterContent/Shapes/Shape_WideCapsule.uasset"
[2019.01.07-00.53.52:273][  0]LogPackFactory: Copied "../../../Samples/StarterContent/Content/StarterContent/Textures/T_Brick_Clay_Beveled_D.uasset" to "../../../../../Unreal Projects/Platformer01_01/Content/StarterContent/Textures/T_Brick_Clay_Beveled_D.uasset"
[2019.01.07-00.53.52:295][  0]LogPackFactory: Copied "../../../Samples/StarterContent/Content/StarterContent/Textures/T_Brick_Clay_Beveled_M.uasset" to "../../../../../Unreal Projects/Platformer01_01/Content/StarterContent/Textures/T_Brick_Clay_Beveled_M.uasset"
[2019.01.07-00.53.52:312][  0]LogPackFactory: Copied "../../../Samples/StarterContent/Content/StarterContent/Textures/T_Brick_Clay_Beveled_N.uasset" to "../../../../../Unreal Projects/Platformer01_01/Content/StarterContent/Textures/T_Brick_Clay_Beveled_N.uasset"
[2019.01.07-00.53.52:329][  0]LogPackFactory: Copied "../../../Samples/StarterContent/Content/StarterContent/Textures/T_Brick_Clay_New_D.uasset" to "../../../../../Unreal Projects/Platformer01_01/Content/StarterContent/Textures/T_Brick_Clay_New_D.uasset"
[2019.01.07-00.53.52:347][  0]LogPackFactory: Copied "../../../Samples/StarterContent/Content/StarterContent/Textures/T_Brick_Clay_New_M.uasset" to "../../../../../Unreal Projects/Platformer01_01/Content/StarterContent/Textures/T_Brick_Clay_New_M.uasset"
[2019.01.07-00.53.52:378][  0]LogPackFactory: Copied "../../../Samples/StarterContent/Content/StarterContent/Textures/T_Brick_Clay_New_N.uasset" to "../../../../../Unreal Projects/Platformer01_01/Content/StarterContent/Textures/T_Brick_Clay_New_N.uasset"
[2019.01.07-00.53.52:401][  0]LogPackFactory: Copied "../../../Samples/StarterContent/Content/StarterContent/Textures/T_Brick_Clay_Old_D.uasset" to "../../../../../Unreal Projects/Platformer01_01/Content/StarterContent/Textures/T_Brick_Clay_Old_D.uasset"
[2019.01.07-00.53.52:422][  0]LogPackFactory: Copied "../../../Samples/StarterContent/Content/StarterContent/Textures/T_Brick_Clay_Old_N.uasset" to "../../../../../Unreal Projects/Platformer01_01/Content/StarterContent/Textures/T_Brick_Clay_Old_N.uasset"
[2019.01.07-00.53.52:454][  0]LogPackFactory: Copied "../../../Samples/StarterContent/Content/StarterContent/Textures/T_Brick_Cut_Stone_D.uasset" to "../../../../../Unreal Projects/Platformer01_01/Content/StarterContent/Textures/T_Brick_Cut_Stone_D.uasset"
[2019.01.07-00.53.52:471][  0]LogPackFactory: Copied "../../../Samples/StarterContent/Content/StarterContent/Textures/T_Brick_Cut_Stone_N.uasset" to "../../../../../Unreal Projects/Platformer01_01/Content/StarterContent/Textures/T_Brick_Cut_Stone_N.uasset"
[2019.01.07-00.53.52:490][  0]LogPackFactory: Copied "../../../Samples/StarterContent/Content/StarterContent/Textures/T_Brick_Hewn_Stone_D.uasset" to "../../../../../Unreal Projects/Platformer01_01/Content/StarterContent/Textures/T_Brick_Hewn_Stone_D.uasset"
[2019.01.07-00.53.52:507][  0]LogPackFactory: Copied "../../../Samples/StarterContent/Content/StarterContent/Textures/T_Brick_Hewn_Stone_M.uasset" to "../../../../../Unreal Projects/Platformer01_01/Content/StarterContent/Textures/T_Brick_Hewn_Stone_M.uasset"
[2019.01.07-00.53.52:527][  0]LogPackFactory: Copied "../../../Samples/StarterContent/Content/StarterContent/Textures/T_Brick_Hewn_Stone_N.uasset" to "../../../../../Unreal Projects/Platformer01_01/Content/StarterContent/Textures/T_Brick_Hewn_Stone_N.uasset"
[2019.01.07-00.53.52:537][  0]LogPackFactory: Copied "../../../Samples/StarterContent/Content/StarterContent/Textures/T_Burst_M.uasset" to "../../../../../Unreal Projects/Platformer01_01/Content/StarterContent/Textures/T_Burst_M.uasset"
[2019.01.07-00.53.52:547][  0]LogPackFactory: Copied "../../../Samples/StarterContent/Content/StarterContent/Textures/T_Bush_D.uasset" to "../../../../../Unreal Projects/Platformer01_01/Content/StarterContent/Textures/T_Bush_D.uasset"
[2019.01.07-00.53.52:555][  0]LogPackFactory: Copied "../../../Samples/StarterContent/Content/StarterContent/Textures/T_Bush_N.uasset" to "../../../../../Unreal Projects/Platformer01_01/Content/StarterContent/Textures/T_Bush_N.uasset"
[2019.01.07-00.53.52:564][  0]LogPackFactory: Copied "../../../Samples/StarterContent/Content/StarterContent/Textures/T_Ceramic_Tile_M.uasset" to "../../../../../Unreal Projects/Platformer01_01/Content/StarterContent/Textures/T_Ceramic_Tile_M.uasset"
[2019.01.07-00.53.52:574][  0]LogPackFactory: Copied "../../../Samples/StarterContent/Content/StarterContent/Textures/T_Ceramic_Tile_N.uasset" to "../../../../../Unreal Projects/Platformer01_01/Content/StarterContent/Textures/T_Ceramic_Tile_N.uasset"
[2019.01.07-00.53.52:583][  0]LogPackFactory: Copied "../../../Samples/StarterContent/Content/StarterContent/Textures/T_Chair_M.uasset" to "../../../../../Unreal Projects/Platformer01_01/Content/StarterContent/Textures/T_Chair_M.uasset"
[2019.01.07-00.53.52:601][  0]LogPackFactory: Copied "../../../Samples/StarterContent/Content/StarterContent/Textures/T_Chair_N.uasset" to "../../../../../Unreal Projects/Platformer01_01/Content/StarterContent/Textures/T_Chair_N.uasset"
[2019.01.07-00.53.52:612][  0]LogPackFactory: Copied "../../../Samples/StarterContent/Content/StarterContent/Textures/T_Checker_Noise_M.uasset" to "../../../../../Unreal Projects/Platformer01_01/Content/StarterContent/Textures/T_Checker_Noise_M.uasset"
[2019.01.07-00.53.52:633][  0]LogPackFactory: Copied "../../../Samples/StarterContent/Content/StarterContent/Textures/T_CobbleStone_Pebble_D.uasset" to "../../../../../Unreal Projects/Platformer01_01/Content/StarterContent/Textures/T_CobbleStone_Pebble_D.uasset"
[2019.01.07-00.53.52:645][  0]LogPackFactory: Copied "../../../Samples/StarterContent/Content/StarterContent/Textures/T_CobbleStone_Pebble_M.uasset" to "../../../../../Unreal Projects/Platformer01_01/Content/StarterContent/Textures/T_CobbleStone_Pebble_M.uasset"
[2019.01.07-00.53.52:666][  0]LogPackFactory: Copied "../../../Samples/StarterContent/Content/StarterContent/Textures/T_CobbleStone_Pebble_N.uasset" to "../../../../../Unreal Projects/Platformer01_01/Content/StarterContent/Textures/T_CobbleStone_Pebble_N.uasset"
[2019.01.07-00.53.52:677][  0]LogPackFactory: Copied "../../../Samples/StarterContent/Content/StarterContent/Textures/T_CobbleStone_Rough_D.uasset" to "../../../../../Unreal Projects/Platformer01_01/Content/StarterContent/Textures/T_CobbleStone_Rough_D.uasset"
[2019.01.07-00.53.52:689][  0]LogPackFactory: Copied "../../../Samples/StarterContent/Content/StarterContent/Textures/T_CobbleStone_Rough_N.uasset" to "../../../../../Unreal Projects/Platformer01_01/Content/StarterContent/Textures/T_CobbleStone_Rough_N.uasset"
[2019.01.07-00.53.52:743][  0]LogPackFactory: Copied "../../../Samples/StarterContent/Content/StarterContent/Textures/T_CobbleStone_Smooth_D.uasset" to "../../../../../Unreal Projects/Platformer01_01/Content/StarterContent/Textures/T_CobbleStone_Smooth_D.uasset"
[2019.01.07-00.53.52:757][  0]LogPackFactory: Copied "../../../Samples/StarterContent/Content/StarterContent/Textures/T_CobbleStone_Smooth_M.uasset" to "../../../../../Unreal Projects/Platformer01_01/Content/StarterContent/Textures/T_CobbleStone_Smooth_M.uasset"
[2019.01.07-00.53.52:775][  0]LogPackFactory: Copied "../../../Samples/StarterContent/Content/StarterContent/Textures/T_CobbleStone_Smooth_N.uasset" to "../../../../../Unreal Projects/Platformer01_01/Content/StarterContent/Textures/T_CobbleStone_Smooth_N.uasset"
[2019.01.07-00.53.52:796][  0]LogPackFactory: Copied "../../../Samples/StarterContent/Content/StarterContent/Textures/T_Concrete_Grime_D.uasset" to "../../../../../Unreal Projects/Platformer01_01/Content/StarterContent/Textures/T_Concrete_Grime_D.uasset"
[2019.01.07-00.53.52:817][  0]LogPackFactory: Copied "../../../Samples/StarterContent/Content/StarterContent/Textures/T_Concrete_Panels_D.uasset" to "../../../../../Unreal Projects/Platformer01_01/Content/StarterContent/Textures/T_Concrete_Panels_D.uasset"
[2019.01.07-00.53.52:832][  0]LogPackFactory: Copied "../../../Samples/StarterContent/Content/StarterContent/Textures/T_Concrete_Panels_N.uasset" to "../../../../../Unreal Projects/Platformer01_01/Content/StarterContent/Textures/T_Concrete_Panels_N.uasset"
[2019.01.07-00.53.52:852][  0]LogPackFactory: Copied "../../../Samples/StarterContent/Content/StarterContent/Textures/T_Concrete_Poured_D.uasset" to "../../../../../Unreal Projects/Platformer01_01/Content/StarterContent/Textures/T_Concrete_Poured_D.uasset"
[2019.01.07-00.53.52:868][  0]LogPackFactory: Copied "../../../Samples/StarterContent/Content/StarterContent/Textures/T_Concrete_Poured_N.uasset" to "../../../../../Unreal Projects/Platformer01_01/Content/StarterContent/Textures/T_Concrete_Poured_N.uasset"
[2019.01.07-00.53.52:882][  0]LogPackFactory: Copied "../../../Samples/StarterContent/Content/StarterContent/Textures/T_Concrete_Tiles_D.uasset" to "../../../../../Unreal Projects/Platformer01_01/Content/StarterContent/Textures/T_Concrete_Tiles_D.uasset"
[2019.01.07-00.53.52:895][  0]LogPackFactory: Copied "../../../Samples/StarterContent/Content/StarterContent/Textures/T_Concrete_Tiles_M.uasset" to "../../../../../Unreal Projects/Platformer01_01/Content/StarterContent/Textures/T_Concrete_Tiles_M.uasset"
[2019.01.07-00.53.52:910][  0]LogPackFactory: Copied "../../../Samples/StarterContent/Content/StarterContent/Textures/T_Concrete_Tiles_N.uasset" to "../../../../../Unreal Projects/Platformer01_01/Content/StarterContent/Textures/T_Concrete_Tiles_N.uasset"
[2019.01.07-00.53.52:918][  0]LogPackFactory: Copied "../../../Samples/StarterContent/Content/StarterContent/Textures/T_Concrete_Tiles_Variation_M.uasset" to "../../../../../Unreal Projects/Platformer01_01/Content/StarterContent/Textures/T_Concrete_Tiles_Variation_M.uasset"
[2019.01.07-00.53.52:930][  0]LogPackFactory: Copied "../../../Samples/StarterContent/Content/StarterContent/Textures/T_Detail_Rocky_N.uasset" to "../../../../../Unreal Projects/Platformer01_01/Content/StarterContent/Textures/T_Detail_Rocky_N.uasset"
[2019.01.07-00.53.52:937][  0]LogPackFactory: Copied "../../../Samples/StarterContent/Content/StarterContent/Textures/T_Door_M.uasset" to "../../../../../Unreal Projects/Platformer01_01/Content/StarterContent/Textures/T_Door_M.uasset"
[2019.01.07-00.53.52:946][  0]LogPackFactory: Copied "../../../Samples/StarterContent/Content/StarterContent/Textures/T_Door_N.uasset" to "../../../../../Unreal Projects/Platformer01_01/Content/StarterContent/Textures/T_Door_N.uasset"
[2019.01.07-00.53.52:954][  0]LogPackFactory: Copied "../../../Samples/StarterContent/Content/StarterContent/Textures/T_Dust_Particle_D.uasset" to "../../../../../Unreal Projects/Platformer01_01/Content/StarterContent/Textures/T_Dust_Particle_D.uasset"
[2019.01.07-00.53.52:965][  0]LogPackFactory: Copied "../../../Samples/StarterContent/Content/StarterContent/Textures/T_Explosion_SubUV.uasset" to "../../../../../Unreal Projects/Platformer01_01/Content/StarterContent/Textures/T_Explosion_SubUV.uasset"
[2019.01.07-00.53.52:973][  0]LogPackFactory: Copied "../../../Samples/StarterContent/Content/StarterContent/Textures/T_Fire_SubUV.uasset" to "../../../../../Unreal Projects/Platformer01_01/Content/StarterContent/Textures/T_Fire_SubUV.uasset"
[2019.01.07-00.53.52:982][  0]LogPackFactory: Copied "../../../Samples/StarterContent/Content/StarterContent/Textures/T_Fire_Tiled_D.uasset" to "../../../../../Unreal Projects/Platformer01_01/Content/StarterContent/Textures/T_Fire_Tiled_D.uasset"
[2019.01.07-00.53.52:990][  0]LogPackFactory: Copied "../../../Samples/StarterContent/Content/StarterContent/Textures/T_Frame_M.uasset" to "../../../../../Unreal Projects/Platformer01_01/Content/StarterContent/Textures/T_Frame_M.uasset"
[2019.01.07-00.53.52:999][  0]LogPackFactory: Copied "../../../Samples/StarterContent/Content/StarterContent/Textures/T_Frame_N.uasset" to "../../../../../Unreal Projects/Platformer01_01/Content/StarterContent/Textures/T_Frame_N.uasset"
[2019.01.07-00.53.53:007][  0]LogPackFactory: Copied "../../../Samples/StarterContent/Content/StarterContent/Textures/T_Gradinet_01.uasset" to "../../../../../Unreal Projects/Platformer01_01/Content/StarterContent/Textures/T_Gradinet_01.uasset"
[2019.01.07-00.53.53:026][  0]LogPackFactory: Copied "../../../Samples/StarterContent/Content/StarterContent/Textures/T_Ground_Grass_D.uasset" to "../../../../../Unreal Projects/Platformer01_01/Content/StarterContent/Textures/T_Ground_Grass_D.uasset"
[2019.01.07-00.53.53:043][  0]LogPackFactory: Copied "../../../Samples/StarterContent/Content/StarterContent/Textures/T_Ground_Grass_N.uasset" to "../../../../../Unreal Projects/Platformer01_01/Content/StarterContent/Textures/T_Ground_Grass_N.uasset"
[2019.01.07-00.53.53:060][  0]LogPackFactory: Copied "../../../Samples/StarterContent/Content/StarterContent/Textures/T_Ground_Gravel_D.uasset" to "../../../../../Unreal Projects/Platformer01_01/Content/StarterContent/Textures/T_Ground_Gravel_D.uasset"
[2019.01.07-00.53.53:075][  0]LogPackFactory: Copied "../../../Samples/StarterContent/Content/StarterContent/Textures/T_Ground_Gravel_N.uasset" to "../../../../../Unreal Projects/Platformer01_01/Content/StarterContent/Textures/T_Ground_Gravel_N.uasset"
[2019.01.07-00.53.53:102][  0]LogPackFactory: Copied "../../../Samples/StarterContent/Content/StarterContent/Textures/T_ground_Moss_D.uasset" to "../../../../../Unreal Projects/Platformer01_01/Content/StarterContent/Textures/T_ground_Moss_D.uasset"
[2019.01.07-00.53.53:144][  0]LogPackFactory: Copied "../../../Samples/StarterContent/Content/StarterContent/Textures/T_Ground_Moss_N.uasset" to "../../../../../Unreal Projects/Platformer01_01/Content/StarterContent/Textures/T_Ground_Moss_N.uasset"
[2019.01.07-00.53.53:157][  0]LogPackFactory: Copied "../../../Samples/StarterContent/Content/StarterContent/Textures/T_Lamp_M.uasset" to "../../../../../Unreal Projects/Platformer01_01/Content/StarterContent/Textures/T_Lamp_M.uasset"
[2019.01.07-00.53.53:171][  0]LogPackFactory: Copied "../../../Samples/StarterContent/Content/StarterContent/Textures/T_Lamp_N.uasset" to "../../../../../Unreal Projects/Platformer01_01/Content/StarterContent/Textures/T_Lamp_N.uasset"
[2019.01.07-00.53.53:195][  0]LogPackFactory: Copied "../../../Samples/StarterContent/Content/StarterContent/Textures/T_MacroVariation.uasset" to "../../../../../Unreal Projects/Platformer01_01/Content/StarterContent/Textures/T_MacroVariation.uasset"
[2019.01.07-00.53.53:217][  0]LogPackFactory: Copied "../../../Samples/StarterContent/Content/StarterContent/Textures/T_Metal_Aluminum_D.uasset" to "../../../../../Unreal Projects/Platformer01_01/Content/StarterContent/Textures/T_Metal_Aluminum_D.uasset"
[2019.01.07-00.53.53:236][  0]LogPackFactory: Copied "../../../Samples/StarterContent/Content/StarterContent/Textures/T_Metal_Copper_D.uasset" to "../../../../../Unreal Projects/Platformer01_01/Content/StarterContent/Textures/T_Metal_Copper_D.uasset"
[2019.01.07-00.53.53:256][  0]LogPackFactory: Copied "../../../Samples/StarterContent/Content/StarterContent/Textures/T_Metal_Gold_D.uasset" to "../../../../../Unreal Projects/Platformer01_01/Content/StarterContent/Textures/T_Metal_Gold_D.uasset"
[2019.01.07-00.53.53:268][  0]LogPackFactory: Copied "../../../Samples/StarterContent/Content/StarterContent/Textures/T_Metal_Gold_N.uasset" to "../../../../../Unreal Projects/Platformer01_01/Content/StarterContent/Textures/T_Metal_Gold_N.uasset"
[2019.01.07-00.53.53:292][  0]LogPackFactory: Copied "../../../Samples/StarterContent/Content/StarterContent/Textures/T_Metal_Rust_D.uasset" to "../../../../../Unreal Projects/Platformer01_01/Content/StarterContent/Textures/T_Metal_Rust_D.uasset"
[2019.01.07-00.53.53:350][  0]LogPackFactory: Copied "../../../Samples/StarterContent/Content/StarterContent/Textures/T_Metal_Rust_N.uasset" to "../../../../../Unreal Projects/Platformer01_01/Content/StarterContent/Textures/T_Metal_Rust_N.uasset"
[2019.01.07-00.53.53:365][  0]LogPackFactory: Copied "../../../Samples/StarterContent/Content/StarterContent/Textures/T_Metal_Steel_D.uasset" to "../../../../../Unreal Projects/Platformer01_01/Content/StarterContent/Textures/T_Metal_Steel_D.uasset"
[2019.01.07-00.53.53:383][  0]LogPackFactory: Copied "../../../Samples/StarterContent/Content/StarterContent/Textures/T_Metal_Steel_N.uasset" to "../../../../../Unreal Projects/Platformer01_01/Content/StarterContent/Textures/T_Metal_Steel_N.uasset"
[2019.01.07-00.53.53:402][  0]LogPackFactory: Copied "../../../Samples/StarterContent/Content/StarterContent/Textures/T_Perlin_Noise_M.uasset" to "../../../../../Unreal Projects/Platformer01_01/Content/StarterContent/Textures/T_Perlin_Noise_M.uasset"
[2019.01.07-00.53.53:414][  0]LogPackFactory: Copied "../../../Samples/StarterContent/Content/StarterContent/Textures/T_RockMesh_M.uasset" to "../../../../../Unreal Projects/Platformer01_01/Content/StarterContent/Textures/T_RockMesh_M.uasset"
[2019.01.07-00.53.53:429][  0]LogPackFactory: Copied "../../../Samples/StarterContent/Content/StarterContent/Textures/T_RockMesh_N.uasset" to "../../../../../Unreal Projects/Platformer01_01/Content/StarterContent/Textures/T_RockMesh_N.uasset"
[2019.01.07-00.53.53:448][  0]LogPackFactory: Copied "../../../Samples/StarterContent/Content/StarterContent/Textures/T_Rock_Basalt_D.uasset" to "../../../../../Unreal Projects/Platformer01_01/Content/StarterContent/Textures/T_Rock_Basalt_D.uasset"
[2019.01.07-00.53.53:463][  0]LogPackFactory: Copied "../../../Samples/StarterContent/Content/StarterContent/Textures/T_Rock_Basalt_N.uasset" to "../../../../../Unreal Projects/Platformer01_01/Content/StarterContent/Textures/T_Rock_Basalt_N.uasset"
[2019.01.07-00.53.53:476][  0]LogPackFactory: Copied "../../../Samples/StarterContent/Content/StarterContent/Textures/T_Rock_Marble_Polished_D.uasset" to "../../../../../Unreal Projects/Platformer01_01/Content/StarterContent/Textures/T_Rock_Marble_Polished_D.uasset"
[2019.01.07-00.53.53:491][  0]LogPackFactory: Copied "../../../Samples/StarterContent/Content/StarterContent/Textures/T_Rock_Sandstone_D.uasset" to "../../../../../Unreal Projects/Platformer01_01/Content/StarterContent/Textures/T_Rock_Sandstone_D.uasset"
[2019.01.07-00.53.53:505][  0]LogPackFactory: Copied "../../../Samples/StarterContent/Content/StarterContent/Textures/T_Rock_Sandstone_N.uasset" to "../../../../../Unreal Projects/Platformer01_01/Content/StarterContent/Textures/T_Rock_Sandstone_N.uasset"
[2019.01.07-00.53.53:523][  0]LogPackFactory: Copied "../../../Samples/StarterContent/Content/StarterContent/Textures/T_Rock_Slate_D.uasset" to "../../../../../Unreal Projects/Platformer01_01/Content/StarterContent/Textures/T_Rock_Slate_D.uasset"
[2019.01.07-00.53.53:540][  0]LogPackFactory: Copied "../../../Samples/StarterContent/Content/StarterContent/Textures/T_Rock_Slate_N.uasset" to "../../../../../Unreal Projects/Platformer01_01/Content/StarterContent/Textures/T_Rock_Slate_N.uasset"
[2019.01.07-00.53.53:558][  0]LogPackFactory: Copied "../../../Samples/StarterContent/Content/StarterContent/Textures/T_Rock_Smooth_Granite_D.uasset" to "../../../../../Unreal Projects/Platformer01_01/Content/StarterContent/Textures/T_Rock_Smooth_Granite_D.uasset"
[2019.01.07-00.53.53:567][  0]LogPackFactory: Copied "../../../Samples/StarterContent/Content/StarterContent/Textures/T_Shelf_M.uasset" to "../../../../../Unreal Projects/Platformer01_01/Content/StarterContent/Textures/T_Shelf_M.uasset"
[2019.01.07-00.53.53:576][  0]LogPackFactory: Copied "../../../Samples/StarterContent/Content/StarterContent/Textures/T_Shelf_N.uasset" to "../../../../../Unreal Projects/Platformer01_01/Content/StarterContent/Textures/T_Shelf_N.uasset"
[2019.01.07-00.53.53:586][  0]LogPackFactory: Copied "../../../Samples/StarterContent/Content/StarterContent/Textures/T_Single_Tile_N.uasset" to "../../../../../Unreal Projects/Platformer01_01/Content/StarterContent/Textures/T_Single_Tile_N.uasset"
[2019.01.07-00.53.53:597][  0]LogPackFactory: Copied "../../../Samples/StarterContent/Content/StarterContent/Textures/T_Smoke_SubUV.uasset" to "../../../../../Unreal Projects/Platformer01_01/Content/StarterContent/Textures/T_Smoke_SubUV.uasset"
[2019.01.07-00.53.53:606][  0]LogPackFactory: Copied "../../../Samples/StarterContent/Content/StarterContent/Textures/T_Smoke_Tiled_D.uasset" to "../../../../../Unreal Projects/Platformer01_01/Content/StarterContent/Textures/T_Smoke_Tiled_D.uasset"
[2019.01.07-00.53.53:616][  0]LogPackFactory: Copied "../../../Samples/StarterContent/Content/StarterContent/Textures/T_Spark_Core.uasset" to "../../../../../Unreal Projects/Platformer01_01/Content/StarterContent/Textures/T_Spark_Core.uasset"
[2019.01.07-00.53.53:624][  0]LogPackFactory: Copied "../../../Samples/StarterContent/Content/StarterContent/Textures/T_Statue_M.uasset" to "../../../../../Unreal Projects/Platformer01_01/Content/StarterContent/Textures/T_Statue_M.uasset"
[2019.01.07-00.53.53:636][  0]LogPackFactory: Copied "../../../Samples/StarterContent/Content/StarterContent/Textures/T_Statue_N.uasset" to "../../../../../Unreal Projects/Platformer01_01/Content/StarterContent/Textures/T_Statue_N.uasset"
[2019.01.07-00.53.53:674][  0]LogPackFactory: Copied "../../../Samples/StarterContent/Content/StarterContent/Textures/T_TableRound_M.uasset" to "../../../../../Unreal Projects/Platformer01_01/Content/StarterContent/Textures/T_TableRound_M.uasset"
[2019.01.07-00.53.53:685][  0]LogPackFactory: Copied "../../../Samples/StarterContent/Content/StarterContent/Textures/T_TableRound_N.uasset" to "../../../../../Unreal Projects/Platformer01_01/Content/StarterContent/Textures/T_TableRound_N.uasset"
[2019.01.07-00.53.53:695][  0]LogPackFactory: Copied "../../../Samples/StarterContent/Content/StarterContent/Textures/T_Tech_Dot_M.uasset" to "../../../../../Unreal Projects/Platformer01_01/Content/StarterContent/Textures/T_Tech_Dot_M.uasset"
[2019.01.07-00.53.53:706][  0]LogPackFactory: Copied "../../../Samples/StarterContent/Content/StarterContent/Textures/T_Tech_Dot_N.uasset" to "../../../../../Unreal Projects/Platformer01_01/Content/StarterContent/Textures/T_Tech_Dot_N.uasset"
[2019.01.07-00.53.53:716][  0]LogPackFactory: Copied "../../../Samples/StarterContent/Content/StarterContent/Textures/T_Tech_Hex_Tile_M.uasset" to "../../../../../Unreal Projects/Platformer01_01/Content/StarterContent/Textures/T_Tech_Hex_Tile_M.uasset"
[2019.01.07-00.53.53:740][  0]LogPackFactory: Copied "../../../Samples/StarterContent/Content/StarterContent/Textures/T_Tech_Hex_Tile_N.uasset" to "../../../../../Unreal Projects/Platformer01_01/Content/StarterContent/Textures/T_Tech_Hex_Tile_N.uasset"
[2019.01.07-00.53.53:759][  0]LogPackFactory: Copied "../../../Samples/StarterContent/Content/StarterContent/Textures/T_Tech_Panel_M.uasset" to "../../../../../Unreal Projects/Platformer01_01/Content/StarterContent/Textures/T_Tech_Panel_M.uasset"
[2019.01.07-00.53.53:770][  0]LogPackFactory: Copied "../../../Samples/StarterContent/Content/StarterContent/Textures/T_Tech_Panel_N.uasset" to "../../../../../Unreal Projects/Platformer01_01/Content/StarterContent/Textures/T_Tech_Panel_N.uasset"
[2019.01.07-00.53.53:781][  0]LogPackFactory: Copied "../../../Samples/StarterContent/Content/StarterContent/Textures/T_Water_M.uasset" to "../../../../../Unreal Projects/Platformer01_01/Content/StarterContent/Textures/T_Water_M.uasset"
[2019.01.07-00.53.53:793][  0]LogPackFactory: Copied "../../../Samples/StarterContent/Content/StarterContent/Textures/T_Water_N.uasset" to "../../../../../Unreal Projects/Platformer01_01/Content/StarterContent/Textures/T_Water_N.uasset"
[2019.01.07-00.53.53:808][  0]LogPackFactory: Copied "../../../Samples/StarterContent/Content/StarterContent/Textures/T_Wood_Floor_Walnut_D.uasset" to "../../../../../Unreal Projects/Platformer01_01/Content/StarterContent/Textures/T_Wood_Floor_Walnut_D.uasset"
[2019.01.07-00.53.53:825][  0]LogPackFactory: Copied "../../../Samples/StarterContent/Content/StarterContent/Textures/T_Wood_Floor_Walnut_M.uasset" to "../../../../../Unreal Projects/Platformer01_01/Content/StarterContent/Textures/T_Wood_Floor_Walnut_M.uasset"
[2019.01.07-00.53.53:840][  0]LogPackFactory: Copied "../../../Samples/StarterContent/Content/StarterContent/Textures/T_Wood_Floor_Walnut_N.uasset" to "../../../../../Unreal Projects/Platformer01_01/Content/StarterContent/Textures/T_Wood_Floor_Walnut_N.uasset"
[2019.01.07-00.53.53:855][  0]LogPackFactory: Copied "../../../Samples/StarterContent/Content/StarterContent/Textures/T_Wood_Oak_D.uasset" to "../../../../../Unreal Projects/Platformer01_01/Content/StarterContent/Textures/T_Wood_Oak_D.uasset"
[2019.01.07-00.53.53:869][  0]LogPackFactory: Copied "../../../Samples/StarterContent/Content/StarterContent/Textures/T_Wood_Oak_N.uasset" to "../../../../../Unreal Projects/Platformer01_01/Content/StarterContent/Textures/T_Wood_Oak_N.uasset"
[2019.01.07-00.53.53:893][  0]LogPackFactory: Copied "../../../Samples/StarterContent/Content/StarterContent/Textures/T_Wood_Pine_D.uasset" to "../../../../../Unreal Projects/Platformer01_01/Content/StarterContent/Textures/T_Wood_Pine_D.uasset"
[2019.01.07-00.53.53:905][  0]LogPackFactory: Copied "../../../Samples/StarterContent/Content/StarterContent/Textures/T_Wood_Pine_N.uasset" to "../../../../../Unreal Projects/Platformer01_01/Content/StarterContent/Textures/T_Wood_Pine_N.uasset"
[2019.01.07-00.53.53:919][  0]LogPackFactory: Copied "../../../Samples/StarterContent/Content/StarterContent/Textures/T_Wood_Walnut_D.uasset" to "../../../../../Unreal Projects/Platformer01_01/Content/StarterContent/Textures/T_Wood_Walnut_D.uasset"
[2019.01.07-00.53.53:931][  0]LogPackFactory: Copied "../../../Samples/StarterContent/Content/StarterContent/Textures/T_Wood_Walnut_N.uasset" to "../../../../../Unreal Projects/Platformer01_01/Content/StarterContent/Textures/T_Wood_Walnut_N.uasset"
[2019.01.07-00.53.54:034][  0]LogRenderer: Reallocating scene render targets to support 256x256 Format 10 NumSamples 1 (Frame:1).
[2019.01.07-00.53.54:139][  0]Cmd: OBJ SAVEPACKAGE PACKAGE="/Game/StarterContent/Architecture/Floor_400x400" FILE="../../../../../Unreal Projects/Platformer01_01/Content/StarterContent/Architecture/Floor_400x400.uasset" SILENT=true
[2019.01.07-00.53.54:177][  0]LogSavePackage: Moving '../../../../../Unreal Projects/Platformer01_01/Saved/Floor_400x400F01BD440409B603CE7118A926713AD94.tmp' to '../../../../../Unreal Projects/Platformer01_01/Content/StarterContent/Architecture/Floor_400x400.uasset'
[2019.01.07-00.53.54:187][  0]LogFeaturePack: Warning: Inserted 1 feature packs
[2019.01.07-00.53.54:190][  0]Cmd: MAP LOAD FILE="../../../../../Unreal Projects/Platformer01_01/Content/2DSideScrollerBP/Maps/2DSideScrollerExampleMap_2.umap" TEMPLATE=0 SHOWPROGRESS=1 FEATURELEVEL=3
[2019.01.07-00.53.54:191][  0]LightingResults: New page: Lighting Build
[2019.01.07-00.53.54:194][  0]MapCheck: New page: Map Check
[2019.01.07-00.53.54:194][  0]LightingResults: New page: Lighting Build
[2019.01.07-00.53.54:755][  0]LogAIModule: Creating AISystem for world 2DSideScrollerExampleMap_2
[2019.01.07-00.53.54:799][  0]LogEditorServer: Finished looking for orphan Actors (0.000 secs)
[2019.01.07-00.53.54:835][  0]Cmd: MAP CHECKDEP NOCLEARLOG
[2019.01.07-00.53.54:906][  0]MapCheck: Map check complete: 0 Error(s), 0 Warning(s), took 70.135ms to complete.
[2019.01.07-00.53.54:906][  0]LogFileHelpers: Loading map '2DSideScrollerExampleMap_2' took 0.716
[2019.01.07-00.53.55:043][  0]LogSlate: Updating window title bar state: overlay mode, drag disabled, window buttons hidden, title bar hidden
[2019.01.07-00.53.55:056][  0]LogSlate: Updating window title bar state: overlay mode, drag disabled, window buttons hidden, title bar hidden
[2019.01.07-00.53.55:070][  0]LogSlate: Updating window title bar state: overlay mode, drag disabled, window buttons hidden, title bar hidden
[2019.01.07-00.53.55:085][  0]LogSlate: Updating window title bar state: overlay mode, drag disabled, window buttons hidden, title bar hidden
[2019.01.07-00.53.55:092][  0]LogCollectionManager: Loaded 0 collections in 0.002507 seconds
[2019.01.07-00.53.55:139][  0]LogFileCache: Scanning file cache for directory 'F:/Unreal Projects/Platformer01_01/Saved/Collections/' took 0.01s
[2019.01.07-00.53.55:139][  0]LogFileCache: Scanning file cache for directory 'F:/Unreal Projects/Platformer01_01/Content/Developers/Shuang/Collections/' took 0.01s
[2019.01.07-00.53.55:139][  0]LogFileCache: Scanning file cache for directory 'F:/Unreal Projects/Platformer01_01/Content/Collections/' took 0.01s
[2019.01.07-00.53.55:139][  0]LogCollectionManager: Rebuilt the GUID cache for 0 collections in 0.000001 seconds
[2019.01.07-00.53.55:170][  0]LogContentBrowser: Native class hierarchy populated in 0.0270 seconds. Added 2572 classes and 603 folders.
[2019.01.07-00.53.55:178][  0]LogContentBrowser: Native class hierarchy updated for 'WidgetCarousel' in 0.0005 seconds. Added 0 classes and 0 folders.
[2019.01.07-00.53.55:246][  0]LogContentBrowser: Native class hierarchy updated for 'AddContentDialog' in 0.0008 seconds. Added 0 classes and 0 folders.
[2019.01.07-00.53.55:252][  0]LogContentBrowser: Native class hierarchy updated for 'SceneOutliner' in 0.0005 seconds. Added 1 classes and 2 folders.
[2019.01.07-00.53.55:362][  0]LogSlate: Took 0.000262 seconds to synchronously load lazily loaded font '../../../Engine/Content/Slate/Fonts/Roboto-Regular.ttf' (155K)
[2019.01.07-00.53.55:368][  0]LogSlate: Took 0.000274 seconds to synchronously load lazily loaded font '../../../Engine/Content/Slate/Fonts/Roboto-Bold.ttf' (160K)
[2019.01.07-00.53.55:376][  0]LogSlate: Took 0.000380 seconds to synchronously load lazily loaded font '../../../Engine/Content/Editor/Slate/Fonts/FontAwesome.ttf' (139K)
[2019.01.07-00.53.55:480][  0]LogRenderer: Reallocating scene render targets to support 892x396 Format 10 NumSamples 1 (Frame:1).
[2019.01.07-00.53.55:574][  0]LogSlate: Took 0.000416 seconds to synchronously load lazily loaded font '../../../Engine/Content/Slate/Fonts/Roboto-Light.ttf' (167K)
[2019.01.07-00.53.55:766][  0]LogContentBrowser: Native class hierarchy updated for 'HierarchicalLODOutliner' in 0.0006 seconds. Added 0 classes and 0 folders.
[2019.01.07-00.53.55:766][  0]LogLoad: (Engine Initialization) Total time: 82.42 seconds
[2019.01.07-00.53.55:766][  0]LogLoad: (Engine Initialization) Total Blueprint compile time: 0.00 seconds
[2019.01.07-00.53.56:381][  0]LogWindowsTextInputMethodSystem: Display: IME system now activated using TSF (微软拼音).
[2019.01.07-00.53.56:442][  0]LogContentStreaming: Texture pool size now 1000 MB
[2019.01.07-00.53.56:794][  1]LogRenderer: Reallocating scene render targets to support 892x404 Format 10 NumSamples 1 (Frame:3).
[2019.01.07-00.53.56:982][  2]LogAssetRegistry: Asset discovery search completed in 12.9222 seconds
[2019.01.07-00.53.56:986][  2]LogCollectionManager: Rebuilt the object cache for 0 collections in 0.000000 seconds (found 0 objects)
[2019.01.07-00.53.56:986][  2]LogCollectionManager: Fixed up redirectors for 0 collections in 0.000105 seconds (updated 0 objects)
[2019.01.07-00.53.58:085][ 23]LogSlate: FSceneViewport::OnFocusLost() reason 0
